2025-05-10 14:21:47 DEBUG org.testng.TestNG - suiteXmlPath: "C:\Users\yahia\AppData\Local\JetBrains\IdeaIC2025.1\temp-testng-customsuite.xml"
2025-05-10 14:21:47 INFO  org.testng.internal.Utils - [TestNG] Running:
  C:\Users\yahia\AppData\Local\JetBrains\IdeaIC2025.1\temp-testng-customsuite.xml

2025-05-10 14:30:08 DEBUG org.testng.TestNG - suiteXmlPath: "C:\Users\yahia\AppData\Local\JetBrains\IdeaIC2025.1\temp-testng-customsuite.xml"
2025-05-10 14:30:08 INFO  org.testng.internal.Utils - [TestNG] Running:
  C:\Users\yahia\AppData\Local\JetBrains\IdeaIC2025.1\temp-testng-customsuite.xml

2025-05-10 14:32:43 DEBUG org.testng.TestNG - suiteXmlPath: "C:\Users\yahia\AppData\Local\JetBrains\IdeaIC2025.1\temp-testng-customsuite.xml"
2025-05-10 14:32:43 INFO  org.testng.internal.Utils - [TestNG] Running:
  C:\Users\yahia\AppData\Local\JetBrains\IdeaIC2025.1\temp-testng-customsuite.xml

2025-05-10 14:36:12 DEBUG org.testng.TestNG - suiteXmlPath: "C:\Users\yahia\AppData\Local\JetBrains\IdeaIC2025.1\temp-testng-customsuite.xml"
2025-05-10 14:36:13 INFO  org.testng.internal.Utils - [TestNG] Running:
  C:\Users\yahia\AppData\Local\JetBrains\IdeaIC2025.1\temp-testng-customsuite.xml

2025-05-10 14:36:32 ERROR Interactions.Element - Timeout waiting for element to be clickable: Edit Name Button
org.openqa.selenium.TimeoutException: Expected condition failed: waiting for Utils.WaitUtils$$Lambda/0x0000025f814055f8@5300cac (tried for 10 second(s) with 500 milliseconds interval)
	at org.openqa.selenium.support.ui.WebDriverWait.timeoutException(WebDriverWait.java:84) ~[selenium-support-4.32.0.jar:?]
	at org.openqa.selenium.support.ui.FluentWait.until(FluentWait.java:228) ~[selenium-support-4.32.0.jar:?]
	at Utils.WaitUtils.waitForElementToBePresent(WaitUtils.java:17) ~[classes/:?]
	at Utils.WaitUtils.lambda$waitForElementToBeVisible$1(WaitUtils.java:23) ~[classes/:?]
	at org.openqa.selenium.support.ui.FluentWait.until(FluentWait.java:203) ~[selenium-support-4.32.0.jar:?]
	at Utils.WaitUtils.waitForElementToBeVisible(WaitUtils.java:22) ~[classes/:?]
	at Utils.WaitUtils.lambda$waitForElementToBeClickable$2(WaitUtils.java:31) ~[classes/:?]
	at org.openqa.selenium.support.ui.FluentWait.until(FluentWait.java:203) ~[selenium-support-4.32.0.jar:?]
	at Utils.WaitUtils.waitForElementToBeClickable(WaitUtils.java:30) ~[classes/:?]
	at Interactions.Button.click(Button.java:20) ~[classes/:?]
	at Pages.Task.EditTaskName(Task.java:30) ~[classes/:?]
	at ExampleTest.Test1(ExampleTest.java:17) ~[test-classes/:?]
	at jdk.internal.reflect.DirectMethodHandleAccessor.invoke(DirectMethodHandleAccessor.java:103) ~[?:?]
	at java.lang.reflect.Method.invoke(Method.java:580) ~[?:?]
	at org.testng.internal.invokers.MethodInvocationHelper.invokeMethod(MethodInvocationHelper.java:141) ~[testng-7.11.0.jar:7.11.0]
	at org.testng.internal.invokers.TestInvoker.invokeMethod(TestInvoker.java:687) ~[testng-7.11.0.jar:7.11.0]
	at org.testng.internal.invokers.TestInvoker.invokeTestMethod(TestInvoker.java:230) ~[testng-7.11.0.jar:7.11.0]
	at org.testng.internal.invokers.MethodRunner.runInSequence(MethodRunner.java:63) ~[testng-7.11.0.jar:7.11.0]
	at org.testng.internal.invokers.TestInvoker$MethodInvocationAgent.invoke(TestInvoker.java:995) ~[testng-7.11.0.jar:7.11.0]
	at org.testng.internal.invokers.TestInvoker.invokeTestMethods(TestInvoker.java:203) ~[testng-7.11.0.jar:7.11.0]
	at org.testng.internal.invokers.TestMethodWorker.invokeTestMethods(TestMethodWorker.java:154) ~[testng-7.11.0.jar:7.11.0]
	at org.testng.internal.invokers.TestMethodWorker.run(TestMethodWorker.java:134) ~[testng-7.11.0.jar:7.11.0]
	at java.util.ArrayList.forEach(ArrayList.java:1597) [?:?]
	at org.testng.TestRunner.privateRun(TestRunner.java:741) [testng-7.11.0.jar:7.11.0]
	at org.testng.TestRunner.run(TestRunner.java:616) [testng-7.11.0.jar:7.11.0]
	at org.testng.SuiteRunner.runTest(SuiteRunner.java:421) [testng-7.11.0.jar:7.11.0]
	at org.testng.SuiteRunner.runSequentially(SuiteRunner.java:413) [testng-7.11.0.jar:7.11.0]
	at org.testng.SuiteRunner.privateRun(SuiteRunner.java:373) [testng-7.11.0.jar:7.11.0]
	at org.testng.SuiteRunner.run(SuiteRunner.java:312) [testng-7.11.0.jar:7.11.0]
	at org.testng.SuiteRunnerWorker.runSuite(SuiteRunnerWorker.java:52) [testng-7.11.0.jar:7.11.0]
	at org.testng.SuiteRunnerWorker.run(SuiteRunnerWorker.java:95) [testng-7.11.0.jar:7.11.0]
	at org.testng.TestNG.runSuitesSequentially(TestNG.java:1274) [testng-7.11.0.jar:7.11.0]
	at org.testng.TestNG.runSuitesLocally(TestNG.java:1208) [testng-7.11.0.jar:7.11.0]
	at org.testng.TestNG.runSuites(TestNG.java:1112) [testng-7.11.0.jar:7.11.0]
	at org.testng.TestNG.run(TestNG.java:1079) [testng-7.11.0.jar:7.11.0]
	at com.intellij.rt.testng.IDEARemoteTestNG.run(IDEARemoteTestNG.java:65) [testng-rt.jar:?]
	at com.intellij.rt.testng.RemoteTestNGStarter.main(RemoteTestNGStarter.java:105) [testng-rt.jar:?]
Caused by: org.openqa.selenium.NoSuchElementException: An element could not be located on the page using the given search parameters.
For documentation on this error, please visit: https://www.selenium.dev/documentation/webdriver/troubleshooting/errors#no-such-element-exception
Build info: version: '4.32.0', revision: 'd17c8aa950'
System info: os.name: 'Windows 10', os.arch: 'amd64', os.version: '10.0', java.version: '23.0.2'
Driver info: io.appium.java_client.android.AndroidDriver
Command: [8b35e628-cb3b-4c00-b23c-47e9abf74f83, findElement {using=id, value=com.ticktick.task:id/list_item_title}]
Capabilities {appium:appWaitForLaunch: true, appium:autoGrantPermissions: true, appium:automationName: UIAutomator2, appium:databaseEnabled: false, appium:desired: {appWaitForLaunch: true, autoGrantPermissions: true, automationName: UIAutomator2, noReset: true, platformName: ANDROID, udid: RFCXA13PB6Z}, appium:deviceApiLevel: 34, appium:deviceManufacturer: samsung, appium:deviceModel: SM-S928B, appium:deviceName: RFCXA13PB6Z, appium:deviceScreenDensity: 560, appium:deviceScreenSize: 1440x3120, appium:deviceUDID: RFCXA13PB6Z, appium:javascriptEnabled: true, appium:locationContextEnabled: false, appium:networkConnectionEnabled: true, appium:noReset: true, appium:pixelRatio: 3.5, appium:platformVersion: 14, appium:statBarHeight: 102, appium:takesScreenshot: true, appium:udid: RFCXA13PB6Z, appium:viewportRect: {height: 3018, left: 0, top: 102, width: 1440}, appium:warnings: {}, appium:webStorageEnabled: false, platformName: ANDROID}
Session ID: 8b35e628-cb3b-4c00-b23c-47e9abf74f83
	at jdk.internal.reflect.DirectConstructorHandleAccessor.newInstance(DirectConstructorHandleAccessor.java:62) ~[?:?]
	at java.lang.reflect.Constructor.newInstanceWithCaller(Constructor.java:501) ~[?:?]
	at java.lang.reflect.Constructor.newInstance(Constructor.java:485) ~[?:?]
	at org.openqa.selenium.remote.ErrorCodec.decode(ErrorCodec.java:167) ~[selenium-remote-driver-4.32.0.jar:?]
	at org.openqa.selenium.remote.codec.w3c.W3CHttpResponseCodec.decode(W3CHttpResponseCodec.java:138) ~[selenium-remote-driver-4.32.0.jar:?]
	at org.openqa.selenium.remote.codec.w3c.W3CHttpResponseCodec.decode(W3CHttpResponseCodec.java:50) ~[selenium-remote-driver-4.32.0.jar:?]
	at org.openqa.selenium.remote.HttpCommandExecutor.execute(HttpCommandExecutor.java:215) ~[selenium-remote-driver-4.32.0.jar:?]
	at io.appium.java_client.remote.AppiumCommandExecutor.execute(AppiumCommandExecutor.java:243) ~[java-client-9.4.0.jar:?]
	at org.openqa.selenium.remote.RemoteWebDriver.execute(RemoteWebDriver.java:545) ~[selenium-remote-driver-4.32.0.jar:?]
	at org.openqa.selenium.remote.ElementLocation$ElementFinder$2.findElement(ElementLocation.java:165) ~[selenium-remote-driver-4.32.0.jar:?]
	at org.openqa.selenium.remote.ElementLocation.findElement(ElementLocation.java:59) ~[selenium-remote-driver-4.32.0.jar:?]
	at org.openqa.selenium.remote.RemoteWebDriver.findElement(RemoteWebDriver.java:368) ~[selenium-remote-driver-4.32.0.jar:?]
	at org.openqa.selenium.remote.RemoteWebDriver.findElement(RemoteWebDriver.java:362) ~[selenium-remote-driver-4.32.0.jar:?]
	at Utils.WaitUtils.lambda$waitForElementToBePresent$0(WaitUtils.java:17) ~[classes/:?]
	at org.openqa.selenium.support.ui.FluentWait.until(FluentWait.java:203) ~[selenium-support-4.32.0.jar:?]
	... 35 more
2025-05-10 14:37:31 DEBUG org.testng.TestNG - suiteXmlPath: "C:\Users\yahia\AppData\Local\JetBrains\IdeaIC2025.1\temp-testng-customsuite.xml"
2025-05-10 14:37:32 INFO  org.testng.internal.Utils - [TestNG] Running:
  C:\Users\yahia\AppData\Local\JetBrains\IdeaIC2025.1\temp-testng-customsuite.xml

2025-05-10 14:38:23 DEBUG org.testng.TestNG - suiteXmlPath: "C:\Users\yahia\AppData\Local\JetBrains\IdeaIC2025.1\temp-testng-customsuite.xml"
2025-05-10 14:38:23 INFO  org.testng.internal.Utils - [TestNG] Running:
  C:\Users\yahia\AppData\Local\JetBrains\IdeaIC2025.1\temp-testng-customsuite.xml

2025-05-10 14:38:42 ERROR Interactions.Element - Timeout waiting for element to be clickable: Edit Name Button
org.openqa.selenium.TimeoutException: Expected condition failed: waiting for Utils.WaitUtils$$Lambda/0x0000022c85406248@2bebb74f (tried for 10 second(s) with 500 milliseconds interval)
	at org.openqa.selenium.support.ui.WebDriverWait.timeoutException(WebDriverWait.java:84) ~[selenium-support-4.32.0.jar:?]
	at org.openqa.selenium.support.ui.FluentWait.until(FluentWait.java:228) ~[selenium-support-4.32.0.jar:?]
	at Utils.WaitUtils.waitForElementToBePresent(WaitUtils.java:17) ~[classes/:?]
	at Utils.WaitUtils.lambda$waitForElementToBeVisible$1(WaitUtils.java:23) ~[classes/:?]
	at org.openqa.selenium.support.ui.FluentWait.until(FluentWait.java:203) ~[selenium-support-4.32.0.jar:?]
	at Utils.WaitUtils.waitForElementToBeVisible(WaitUtils.java:22) ~[classes/:?]
	at Utils.WaitUtils.lambda$waitForElementToBeClickable$2(WaitUtils.java:31) ~[classes/:?]
	at org.openqa.selenium.support.ui.FluentWait.until(FluentWait.java:203) ~[selenium-support-4.32.0.jar:?]
	at Utils.WaitUtils.waitForElementToBeClickable(WaitUtils.java:30) ~[classes/:?]
	at Interactions.Button.click(Button.java:20) ~[classes/:?]
	at Pages.Task.EditTaskName(Task.java:30) ~[classes/:?]
	at ExampleTest.Test1(ExampleTest.java:18) ~[test-classes/:?]
	at jdk.internal.reflect.DirectMethodHandleAccessor.invoke(DirectMethodHandleAccessor.java:103) ~[?:?]
	at java.lang.reflect.Method.invoke(Method.java:580) ~[?:?]
	at org.testng.internal.invokers.MethodInvocationHelper.invokeMethod(MethodInvocationHelper.java:141) ~[testng-7.11.0.jar:7.11.0]
	at org.testng.internal.invokers.TestInvoker.invokeMethod(TestInvoker.java:687) ~[testng-7.11.0.jar:7.11.0]
	at org.testng.internal.invokers.TestInvoker.invokeTestMethod(TestInvoker.java:230) ~[testng-7.11.0.jar:7.11.0]
	at org.testng.internal.invokers.MethodRunner.runInSequence(MethodRunner.java:63) ~[testng-7.11.0.jar:7.11.0]
	at org.testng.internal.invokers.TestInvoker$MethodInvocationAgent.invoke(TestInvoker.java:995) ~[testng-7.11.0.jar:7.11.0]
	at org.testng.internal.invokers.TestInvoker.invokeTestMethods(TestInvoker.java:203) ~[testng-7.11.0.jar:7.11.0]
	at org.testng.internal.invokers.TestMethodWorker.invokeTestMethods(TestMethodWorker.java:154) ~[testng-7.11.0.jar:7.11.0]
	at org.testng.internal.invokers.TestMethodWorker.run(TestMethodWorker.java:134) ~[testng-7.11.0.jar:7.11.0]
	at java.util.ArrayList.forEach(ArrayList.java:1597) [?:?]
	at org.testng.TestRunner.privateRun(TestRunner.java:741) [testng-7.11.0.jar:7.11.0]
	at org.testng.TestRunner.run(TestRunner.java:616) [testng-7.11.0.jar:7.11.0]
	at org.testng.SuiteRunner.runTest(SuiteRunner.java:421) [testng-7.11.0.jar:7.11.0]
	at org.testng.SuiteRunner.runSequentially(SuiteRunner.java:413) [testng-7.11.0.jar:7.11.0]
	at org.testng.SuiteRunner.privateRun(SuiteRunner.java:373) [testng-7.11.0.jar:7.11.0]
	at org.testng.SuiteRunner.run(SuiteRunner.java:312) [testng-7.11.0.jar:7.11.0]
	at org.testng.SuiteRunnerWorker.runSuite(SuiteRunnerWorker.java:52) [testng-7.11.0.jar:7.11.0]
	at org.testng.SuiteRunnerWorker.run(SuiteRunnerWorker.java:95) [testng-7.11.0.jar:7.11.0]
	at org.testng.TestNG.runSuitesSequentially(TestNG.java:1274) [testng-7.11.0.jar:7.11.0]
	at org.testng.TestNG.runSuitesLocally(TestNG.java:1208) [testng-7.11.0.jar:7.11.0]
	at org.testng.TestNG.runSuites(TestNG.java:1112) [testng-7.11.0.jar:7.11.0]
	at org.testng.TestNG.run(TestNG.java:1079) [testng-7.11.0.jar:7.11.0]
	at com.intellij.rt.testng.IDEARemoteTestNG.run(IDEARemoteTestNG.java:65) [testng-rt.jar:?]
	at com.intellij.rt.testng.RemoteTestNGStarter.main(RemoteTestNGStarter.java:105) [testng-rt.jar:?]
Caused by: org.openqa.selenium.NoSuchElementException: An element could not be located on the page using the given search parameters.
For documentation on this error, please visit: https://www.selenium.dev/documentation/webdriver/troubleshooting/errors#no-such-element-exception
Build info: version: '4.32.0', revision: 'd17c8aa950'
System info: os.name: 'Windows 10', os.arch: 'amd64', os.version: '10.0', java.version: '23.0.2'
Driver info: io.appium.java_client.android.AndroidDriver
Command: [00d255d7-518e-40c5-9cb8-c54aae64130c, findElement {value=com.ticktick.task:id/list_item_title, using=id}]
Capabilities {appium:appWaitForLaunch: true, appium:autoGrantPermissions: true, appium:automationName: UIAutomator2, appium:databaseEnabled: false, appium:desired: {appWaitForLaunch: true, autoGrantPermissions: true, automationName: UIAutomator2, noReset: true, platformName: ANDROID, udid: RFCXA13PB6Z}, appium:deviceApiLevel: 34, appium:deviceManufacturer: samsung, appium:deviceModel: SM-S928B, appium:deviceName: RFCXA13PB6Z, appium:deviceScreenDensity: 560, appium:deviceScreenSize: 1440x3120, appium:deviceUDID: RFCXA13PB6Z, appium:javascriptEnabled: true, appium:locationContextEnabled: false, appium:networkConnectionEnabled: true, appium:noReset: true, appium:pixelRatio: 3.5, appium:platformVersion: 14, appium:statBarHeight: 102, appium:takesScreenshot: true, appium:udid: RFCXA13PB6Z, appium:viewportRect: {height: 3018, left: 0, top: 102, width: 1440}, appium:warnings: {}, appium:webStorageEnabled: false, platformName: ANDROID}
Session ID: 00d255d7-518e-40c5-9cb8-c54aae64130c
	at jdk.internal.reflect.DirectConstructorHandleAccessor.newInstance(DirectConstructorHandleAccessor.java:62) ~[?:?]
	at java.lang.reflect.Constructor.newInstanceWithCaller(Constructor.java:501) ~[?:?]
	at java.lang.reflect.Constructor.newInstance(Constructor.java:485) ~[?:?]
	at org.openqa.selenium.remote.ErrorCodec.decode(ErrorCodec.java:167) ~[selenium-remote-driver-4.32.0.jar:?]
	at org.openqa.selenium.remote.codec.w3c.W3CHttpResponseCodec.decode(W3CHttpResponseCodec.java:138) ~[selenium-remote-driver-4.32.0.jar:?]
	at org.openqa.selenium.remote.codec.w3c.W3CHttpResponseCodec.decode(W3CHttpResponseCodec.java:50) ~[selenium-remote-driver-4.32.0.jar:?]
	at org.openqa.selenium.remote.HttpCommandExecutor.execute(HttpCommandExecutor.java:215) ~[selenium-remote-driver-4.32.0.jar:?]
	at io.appium.java_client.remote.AppiumCommandExecutor.execute(AppiumCommandExecutor.java:243) ~[java-client-9.4.0.jar:?]
	at org.openqa.selenium.remote.RemoteWebDriver.execute(RemoteWebDriver.java:545) ~[selenium-remote-driver-4.32.0.jar:?]
	at org.openqa.selenium.remote.ElementLocation$ElementFinder$2.findElement(ElementLocation.java:165) ~[selenium-remote-driver-4.32.0.jar:?]
	at org.openqa.selenium.remote.ElementLocation.findElement(ElementLocation.java:59) ~[selenium-remote-driver-4.32.0.jar:?]
	at org.openqa.selenium.remote.RemoteWebDriver.findElement(RemoteWebDriver.java:368) ~[selenium-remote-driver-4.32.0.jar:?]
	at org.openqa.selenium.remote.RemoteWebDriver.findElement(RemoteWebDriver.java:362) ~[selenium-remote-driver-4.32.0.jar:?]
	at Utils.WaitUtils.lambda$waitForElementToBePresent$0(WaitUtils.java:17) ~[classes/:?]
	at org.openqa.selenium.support.ui.FluentWait.until(FluentWait.java:203) ~[selenium-support-4.32.0.jar:?]
	... 35 more
2025-05-10 14:39:12 DEBUG org.testng.TestNG - suiteXmlPath: "C:\Users\yahia\AppData\Local\JetBrains\IdeaIC2025.1\temp-testng-customsuite.xml"
2025-05-10 14:39:12 INFO  org.testng.internal.Utils - [TestNG] Running:
  C:\Users\yahia\AppData\Local\JetBrains\IdeaIC2025.1\temp-testng-customsuite.xml

2025-05-10 14:39:36 DEBUG org.testng.TestNG - suiteXmlPath: "C:\Users\yahia\AppData\Local\JetBrains\IdeaIC2025.1\temp-testng-customsuite.xml"
2025-05-10 14:39:36 INFO  org.testng.internal.Utils - [TestNG] Running:
  C:\Users\yahia\AppData\Local\JetBrains\IdeaIC2025.1\temp-testng-customsuite.xml

2025-05-10 14:40:03 DEBUG org.testng.TestNG - suiteXmlPath: "C:\Users\yahia\AppData\Local\JetBrains\IdeaIC2025.1\temp-testng-customsuite.xml"
2025-05-10 14:40:04 INFO  org.testng.internal.Utils - [TestNG] Running:
  C:\Users\yahia\AppData\Local\JetBrains\IdeaIC2025.1\temp-testng-customsuite.xml

2025-05-10 14:40:45 DEBUG org.testng.TestNG - suiteXmlPath: "C:\Users\yahia\AppData\Local\JetBrains\IdeaIC2025.1\temp-testng-customsuite.xml"
2025-05-10 14:40:45 INFO  org.testng.internal.Utils - [TestNG] Running:
  C:\Users\yahia\AppData\Local\JetBrains\IdeaIC2025.1\temp-testng-customsuite.xml

2025-05-10 14:42:17 DEBUG org.testng.TestNG - suiteXmlPath: "C:\Users\yahia\AppData\Local\JetBrains\IdeaIC2025.1\temp-testng-customsuite.xml"
2025-05-10 14:42:18 INFO  org.testng.internal.Utils - [TestNG] Running:
  C:\Users\yahia\AppData\Local\JetBrains\IdeaIC2025.1\temp-testng-customsuite.xml

2025-05-10 15:02:42 DEBUG org.testng.TestNG - suiteXmlPath: "C:\Users\yahia\AppData\Local\JetBrains\IdeaIC2025.1\temp-testng-customsuite.xml"
2025-05-10 15:02:43 INFO  org.testng.internal.Utils - [TestNG] Running:
  C:\Users\yahia\AppData\Local\JetBrains\IdeaIC2025.1\temp-testng-customsuite.xml

2025-05-10 15:03:03 DEBUG org.testng.TestNG - suiteXmlPath: "C:\Users\yahia\AppData\Local\JetBrains\IdeaIC2025.1\temp-testng-customsuite.xml"
2025-05-10 15:03:03 INFO  org.testng.internal.Utils - [TestNG] Running:
  C:\Users\yahia\AppData\Local\JetBrains\IdeaIC2025.1\temp-testng-customsuite.xml

2025-05-10 15:03:44 DEBUG org.testng.TestNG - suiteXmlPath: "C:\Users\yahia\AppData\Local\JetBrains\IdeaIC2025.1\temp-testng-customsuite.xml"
2025-05-10 15:03:44 INFO  org.testng.internal.Utils - [TestNG] Running:
  C:\Users\yahia\AppData\Local\JetBrains\IdeaIC2025.1\temp-testng-customsuite.xml

2025-05-10 15:05:06 DEBUG org.testng.TestNG - suiteXmlPath: "C:\Users\yahia\AppData\Local\JetBrains\IdeaIC2025.1\temp-testng-customsuite.xml"
2025-05-10 15:05:06 INFO  org.testng.internal.Utils - [TestNG] Running:
  C:\Users\yahia\AppData\Local\JetBrains\IdeaIC2025.1\temp-testng-customsuite.xml

2025-05-10 15:05:29 DEBUG org.testng.TestNG - suiteXmlPath: "C:\Users\yahia\AppData\Local\JetBrains\IdeaIC2025.1\temp-testng-customsuite.xml"
2025-05-10 15:05:30 INFO  org.testng.internal.Utils - [TestNG] Running:
  C:\Users\yahia\AppData\Local\JetBrains\IdeaIC2025.1\temp-testng-customsuite.xml

2025-05-10 15:07:55 DEBUG org.testng.TestNG - suiteXmlPath: "C:\Users\yahia\AppData\Local\JetBrains\IdeaIC2025.1\temp-testng-customsuite.xml"
2025-05-10 15:07:55 INFO  org.testng.internal.Utils - [TestNG] Running:
  C:\Users\yahia\AppData\Local\JetBrains\IdeaIC2025.1\temp-testng-customsuite.xml

2025-05-10 15:08:02 INFO  Interactions.Element - Clicked on element: null
2025-05-10 15:08:08 INFO  Interactions.Element - Clicked on element: Edit Name Button
2025-05-10 15:08:13 INFO  Interactions.Element - Set text Kareem's Task ' in element:  Edit task name
2025-05-10 15:08:16 INFO  Interactions.Element - Clicked on element: Change Priority
2025-05-10 15:08:16 INFO  Interactions.Element - Clicked on element: Set High Priority
2025-05-10 15:08:19 INFO  Interactions.Element - Clicked on element: Add a tag
2025-05-10 15:08:20 INFO  Interactions.Element - Set text Testing123 ' in element:  Add the Tag
2025-05-10 15:09:30 DEBUG org.testng.TestNG - suiteXmlPath: "C:\Users\yahia\AppData\Local\JetBrains\IdeaIC2025.1\temp-testng-customsuite.xml"
2025-05-10 15:09:30 INFO  org.testng.internal.Utils - [TestNG] Running:
  C:\Users\yahia\AppData\Local\JetBrains\IdeaIC2025.1\temp-testng-customsuite.xml

2025-05-10 15:09:39 INFO  Interactions.Element - Clicked on element: null
2025-05-10 15:09:45 INFO  Interactions.Element - Clicked on element: Edit Name Button
2025-05-10 15:09:50 INFO  Interactions.Element - Set text Kareem's Task ' in element:  Edit task name
2025-05-10 15:09:53 INFO  Interactions.Element - Clicked on element: Change Priority
2025-05-10 15:09:53 INFO  Interactions.Element - Clicked on element: Set High Priority
2025-05-10 15:09:56 INFO  Interactions.Element - Clicked on element: Add a tag
2025-05-10 15:09:57 INFO  Interactions.Element - Set text Testing123 ' in element:  Add the Tag
2025-05-10 15:11:05 DEBUG org.testng.TestNG - suiteXmlPath: "C:\Users\yahia\AppData\Local\JetBrains\IdeaIC2025.1\temp-testng-customsuite.xml"
2025-05-10 15:11:05 INFO  org.testng.internal.Utils - [TestNG] Running:
  C:\Users\yahia\AppData\Local\JetBrains\IdeaIC2025.1\temp-testng-customsuite.xml

2025-05-10 15:11:11 INFO  Interactions.Element - Clicked on element: null
2025-05-10 15:11:17 INFO  Interactions.Element - Clicked on element: Edit Name Button
2025-05-10 15:11:22 INFO  Interactions.Element - Set text Kareem's Task ' in element:  Edit task name
2025-05-10 15:11:25 INFO  Interactions.Element - Clicked on element: Change Priority
2025-05-10 15:11:25 INFO  Interactions.Element - Clicked on element: Set High Priority
2025-05-10 15:11:28 INFO  Interactions.Element - Clicked on element: Add a tag
2025-05-10 15:11:29 INFO  Interactions.Element - Set text Testing123 ' in element:  Add the Tag
2025-05-10 15:15:22 DEBUG org.testng.TestNG - suiteXmlPath: "C:\Users\yahia\AppData\Local\JetBrains\IdeaIC2025.1\temp-testng-customsuite.xml"
2025-05-10 15:15:22 INFO  org.testng.internal.Utils - [TestNG] Running:
  C:\Users\yahia\AppData\Local\JetBrains\IdeaIC2025.1\temp-testng-customsuite.xml

2025-05-10 15:15:29 INFO  Interactions.Element - Clicked on element: null
2025-05-10 15:15:35 INFO  Interactions.Element - Clicked on element: Edit Name Button
2025-05-10 15:15:41 INFO  Interactions.Element - Set text Kareem's Task ' in element:  Edit task name
2025-05-10 15:15:44 INFO  Interactions.Element - Clicked on element: Change Priority
2025-05-10 15:15:44 INFO  Interactions.Element - Clicked on element: Set High Priority
2025-05-10 15:15:47 INFO  Interactions.Element - Clicked on element: Add a tag
2025-05-10 15:15:48 INFO  Interactions.Element - Set text Testing123 ' in element:  Add the Tag
2025-05-10 15:15:53 INFO  Interactions.Element - Clicked on element: null
2025-05-10 15:15:56 INFO  Interactions.Element - Clicked on element: null
2025-05-10 15:15:59 INFO  Interactions.Element - Set text This is a test description ' in element:  Description TexBox
2025-05-10 15:16:05 INFO  Interactions.Element - Clicked on element: null
2025-05-10 15:16:06 INFO  Interactions.Element - Set text Test Task ' in element:  Task Name
2025-05-10 15:16:07 INFO  Interactions.Element - Set text This is a test task ' in element:  Task Description
2025-05-10 15:16:08 INFO  Interactions.Element - Clicked on element: null
2025-05-10 15:18:06 DEBUG org.testng.TestNG - suiteXmlPath: "C:\Users\yahia\AppData\Local\JetBrains\IdeaIC2025.1\temp-testng-customsuite.xml"
2025-05-10 15:18:07 INFO  org.testng.internal.Utils - [TestNG] Running:
  C:\Users\yahia\AppData\Local\JetBrains\IdeaIC2025.1\temp-testng-customsuite.xml

2025-05-10 15:18:14 INFO  Interactions.Element - Clicked on element: null
2025-05-10 15:18:22 INFO  Interactions.Element - Clicked on element: Edit Name Button
2025-05-10 15:18:26 INFO  Interactions.Element - Set text Kareem's Task ' in element:  Edit task name
2025-05-10 15:18:30 INFO  Interactions.Element - Clicked on element: Change Priority
2025-05-10 15:18:31 INFO  Interactions.Element - Clicked on element: Set High Priority
2025-05-10 15:18:34 INFO  Interactions.Element - Clicked on element: Add a tag
2025-05-10 15:18:35 INFO  Interactions.Element - Set text Testing123 ' in element:  Add the Tag
2025-05-10 15:18:40 INFO  Interactions.Element - Clicked on element: null
2025-05-10 15:18:42 INFO  Interactions.Element - Clicked on element: null
2025-05-10 15:18:46 INFO  Interactions.Element - Set text This is a test description ' in element:  Description TexBox
2025-05-10 15:18:51 INFO  Interactions.Element - Clicked on element: null
2025-05-10 15:18:53 INFO  Interactions.Element - Set text Test Task ' in element:  Task Name
2025-05-10 15:18:54 INFO  Interactions.Element - Set text This is a test task ' in element:  Task Description
2025-05-10 15:18:55 INFO  Interactions.Element - Clicked on element: null
2025-05-10 19:21:51 DEBUG org.testng.TestNG - suiteXmlPath: "C:\Users\yahia\AppData\Local\JetBrains\IdeaIC2025.1\temp-testng-customsuite.xml"
2025-05-10 19:21:51 INFO  org.testng.internal.Utils - [TestNG] Running:
  C:\Users\yahia\AppData\Local\JetBrains\IdeaIC2025.1\temp-testng-customsuite.xml

2025-05-10 19:22:17 DEBUG org.testng.TestNG - suiteXmlPath: "C:\Users\yahia\AppData\Local\JetBrains\IdeaIC2025.1\temp-testng-customsuite.xml"
2025-05-10 19:22:17 INFO  org.testng.internal.Utils - [TestNG] Running:
  C:\Users\yahia\AppData\Local\JetBrains\IdeaIC2025.1\temp-testng-customsuite.xml

2025-05-10 19:22:38 DEBUG org.testng.TestNG - suiteXmlPath: "C:\Users\yahia\AppData\Local\JetBrains\IdeaIC2025.1\temp-testng-customsuite.xml"
2025-05-10 19:22:39 INFO  org.testng.internal.Utils - [TestNG] Running:
  C:\Users\yahia\AppData\Local\JetBrains\IdeaIC2025.1\temp-testng-customsuite.xml

2025-05-10 20:20:29 DEBUG org.testng.TestNG - suiteXmlPath: "C:\Users\yahia\AppData\Local\JetBrains\IdeaIC2025.1\temp-testng-customsuite.xml"
2025-05-10 20:20:29 INFO  org.testng.internal.Utils - [TestNG] Running:
  C:\Users\yahia\AppData\Local\JetBrains\IdeaIC2025.1\temp-testng-customsuite.xml

2025-05-10 20:20:54 DEBUG org.testng.TestNG - suiteXmlPath: "C:\Users\yahia\AppData\Local\JetBrains\IdeaIC2025.1\temp-testng-customsuite.xml"
2025-05-10 20:20:54 INFO  org.testng.internal.Utils - [TestNG] Running:
  C:\Users\yahia\AppData\Local\JetBrains\IdeaIC2025.1\temp-testng-customsuite.xml

2025-05-10 20:44:00 DEBUG org.testng.TestNG - suiteXmlPath: "C:\Users\yahia\AppData\Local\JetBrains\IdeaIC2025.1\temp-testng-customsuite.xml"
2025-05-10 20:44:00 INFO  org.testng.internal.Utils - [TestNG] Running:
  C:\Users\yahia\AppData\Local\JetBrains\IdeaIC2025.1\temp-testng-customsuite.xml

2025-05-10 20:56:57 DEBUG org.testng.TestNG - suiteXmlPath: "C:\Users\yahia\AppData\Local\JetBrains\IdeaIC2025.1\temp-testng-customsuite.xml"
2025-05-10 20:56:57 INFO  org.testng.internal.Utils - [TestNG] Running:
  C:\Users\yahia\AppData\Local\JetBrains\IdeaIC2025.1\temp-testng-customsuite.xml

2025-05-10 20:57:28 DEBUG org.testng.TestNG - suiteXmlPath: "C:\Users\yahia\AppData\Local\JetBrains\IdeaIC2025.1\temp-testng-customsuite.xml"
2025-05-10 20:57:28 INFO  org.testng.internal.Utils - [TestNG] Running:
  C:\Users\yahia\AppData\Local\JetBrains\IdeaIC2025.1\temp-testng-customsuite.xml

2025-05-10 20:58:11 DEBUG org.testng.TestNG - suiteXmlPath: "C:\Users\yahia\AppData\Local\JetBrains\IdeaIC2025.1\temp-testng-customsuite.xml"
2025-05-10 20:58:11 INFO  org.testng.internal.Utils - [TestNG] Running:
  C:\Users\yahia\AppData\Local\JetBrains\IdeaIC2025.1\temp-testng-customsuite.xml

2025-05-10 20:59:05 DEBUG org.testng.TestNG - suiteXmlPath: "C:\Users\yahia\AppData\Local\JetBrains\IdeaIC2025.1\temp-testng-customsuite.xml"
2025-05-10 20:59:06 INFO  org.testng.internal.Utils - [TestNG] Running:
  C:\Users\yahia\AppData\Local\JetBrains\IdeaIC2025.1\temp-testng-customsuite.xml

2025-05-10 20:59:30 DEBUG org.testng.TestNG - suiteXmlPath: "C:\Users\yahia\AppData\Local\JetBrains\IdeaIC2025.1\temp-testng-customsuite.xml"
2025-05-10 20:59:31 INFO  org.testng.internal.Utils - [TestNG] Running:
  C:\Users\yahia\AppData\Local\JetBrains\IdeaIC2025.1\temp-testng-customsuite.xml

2025-05-10 20:59:58 DEBUG org.testng.TestNG - suiteXmlPath: "C:\Users\yahia\AppData\Local\JetBrains\IdeaIC2025.1\temp-testng-customsuite.xml"
2025-05-10 20:59:58 INFO  org.testng.internal.Utils - [TestNG] Running:
  C:\Users\yahia\AppData\Local\JetBrains\IdeaIC2025.1\temp-testng-customsuite.xml

2025-05-10 21:02:12 DEBUG org.testng.TestNG - suiteXmlPath: "C:\Users\yahia\AppData\Local\JetBrains\IdeaIC2025.1\temp-testng-customsuite.xml"
2025-05-10 21:02:13 INFO  org.testng.internal.Utils - [TestNG] Running:
  C:\Users\yahia\AppData\Local\JetBrains\IdeaIC2025.1\temp-testng-customsuite.xml

2025-05-10 23:22:22 DEBUG org.testng.TestNG - suiteXmlPath: "C:\Users\yahia\AppData\Local\JetBrains\IdeaIC2025.1\temp-testng-customsuite.xml"
2025-05-10 23:22:23 INFO  org.testng.internal.Utils - [TestNG] Running:
  C:\Users\yahia\AppData\Local\JetBrains\IdeaIC2025.1\temp-testng-customsuite.xml

2025-05-10 23:22:29 INFO  Interactions.Element - Clicked on element: null
2025-05-10 23:51:55 DEBUG org.testng.TestNG - suiteXmlPath: "C:\Users\yahia\AppData\Local\JetBrains\IdeaIC2025.1\temp-testng-customsuite.xml"
2025-05-10 23:51:55 INFO  org.testng.internal.Utils - [TestNG] Running:
  C:\Users\yahia\AppData\Local\JetBrains\IdeaIC2025.1\temp-testng-customsuite.xml

2025-05-10 23:52:03 INFO  Interactions.Element - Clicked on element: null
2025-05-10 23:52:19 DEBUG org.testng.TestNG - suiteXmlPath: "C:\Users\yahia\AppData\Local\JetBrains\IdeaIC2025.1\temp-testng-customsuite.xml"
2025-05-10 23:52:20 INFO  org.testng.internal.Utils - [TestNG] Running:
  C:\Users\yahia\AppData\Local\JetBrains\IdeaIC2025.1\temp-testng-customsuite.xml

2025-05-10 23:52:27 INFO  Interactions.Element - Clicked on element: null
2025-05-10 23:53:04 DEBUG org.testng.TestNG - suiteXmlPath: "C:\Users\yahia\AppData\Local\JetBrains\IdeaIC2025.1\temp-testng-customsuite.xml"
2025-05-10 23:53:05 INFO  org.testng.internal.Utils - [TestNG] Running:
  C:\Users\yahia\AppData\Local\JetBrains\IdeaIC2025.1\temp-testng-customsuite.xml

2025-05-10 23:53:16 INFO  Interactions.Element - Clicked on element: null
2025-05-10 23:55:24 DEBUG org.testng.TestNG - suiteXmlPath: "C:\Users\yahia\AppData\Local\JetBrains\IdeaIC2025.1\temp-testng-customsuite.xml"
2025-05-10 23:55:24 INFO  org.testng.internal.Utils - [TestNG] Running:
  C:\Users\yahia\AppData\Local\JetBrains\IdeaIC2025.1\temp-testng-customsuite.xml

2025-05-10 23:55:32 INFO  Interactions.Element - Clicked on element: null
2025-05-11 00:30:02 DEBUG org.testng.TestNG - suiteXmlPath: "C:\Users\yahia\AppData\Local\JetBrains\IdeaIC2025.1\temp-testng-customsuite.xml"
2025-05-11 00:30:03 INFO  org.testng.internal.Utils - [TestNG] Running:
  C:\Users\yahia\AppData\Local\JetBrains\IdeaIC2025.1\temp-testng-customsuite.xml

2025-05-11 00:30:27 DEBUG org.testng.TestNG - suiteXmlPath: "C:\Users\yahia\AppData\Local\JetBrains\IdeaIC2025.1\temp-testng-customsuite.xml"
2025-05-11 00:30:27 INFO  org.testng.internal.Utils - [TestNG] Running:
  C:\Users\yahia\AppData\Local\JetBrains\IdeaIC2025.1\temp-testng-customsuite.xml

2025-05-11 00:31:12 DEBUG org.testng.TestNG - suiteXmlPath: "C:\Users\yahia\AppData\Local\JetBrains\IdeaIC2025.1\temp-testng-customsuite.xml"
2025-05-11 00:31:12 INFO  org.testng.internal.Utils - [TestNG] Running:
  C:\Users\yahia\AppData\Local\JetBrains\IdeaIC2025.1\temp-testng-customsuite.xml

2025-05-11 00:31:44 DEBUG org.testng.TestNG - suiteXmlPath: "C:\Users\yahia\AppData\Local\JetBrains\IdeaIC2025.1\temp-testng-customsuite.xml"
2025-05-11 00:31:45 INFO  org.testng.internal.Utils - [TestNG] Running:
  C:\Users\yahia\AppData\Local\JetBrains\IdeaIC2025.1\temp-testng-customsuite.xml

2025-05-11 00:32:15 DEBUG org.testng.TestNG - suiteXmlPath: "C:\Users\yahia\AppData\Local\JetBrains\IdeaIC2025.1\temp-testng-customsuite.xml"
2025-05-11 00:32:15 INFO  org.testng.internal.Utils - [TestNG] Running:
  C:\Users\yahia\AppData\Local\JetBrains\IdeaIC2025.1\temp-testng-customsuite.xml

2025-05-11 00:33:13 DEBUG org.testng.TestNG - suiteXmlPath: "C:\Users\yahia\AppData\Local\JetBrains\IdeaIC2025.1\temp-testng-customsuite.xml"
2025-05-11 00:33:13 INFO  org.testng.internal.Utils - [TestNG] Running:
  C:\Users\yahia\AppData\Local\JetBrains\IdeaIC2025.1\temp-testng-customsuite.xml

2025-05-11 00:33:35 DEBUG org.testng.TestNG - suiteXmlPath: "C:\Users\yahia\AppData\Local\JetBrains\IdeaIC2025.1\temp-testng-customsuite.xml"
2025-05-11 00:33:36 INFO  org.testng.internal.Utils - [TestNG] Running:
  C:\Users\yahia\AppData\Local\JetBrains\IdeaIC2025.1\temp-testng-customsuite.xml

2025-05-11 00:46:54 DEBUG org.testng.TestNG - suiteXmlPath: "C:\Users\yahia\AppData\Local\JetBrains\IdeaIC2025.1\temp-testng-customsuite.xml"
2025-05-11 00:46:54 INFO  org.testng.internal.Utils - [TestNG] Running:
  C:\Users\yahia\AppData\Local\JetBrains\IdeaIC2025.1\temp-testng-customsuite.xml

2025-05-11 00:47:05 INFO  Interactions.Element - Clicked on element: null
2025-05-11 00:47:21 ERROR Interactions.Element - Timeout waiting for element to be clickable: Edit Name Button
org.openqa.selenium.TimeoutException: Expected condition failed: waiting for Utils.WaitUtils$$Lambda/0x000001d055404fe8@2016f509 (tried for 10 second(s) with 500 milliseconds interval)
	at org.openqa.selenium.support.ui.WebDriverWait.timeoutException(WebDriverWait.java:84) ~[selenium-support-4.32.0.jar:?]
	at org.openqa.selenium.support.ui.FluentWait.until(FluentWait.java:228) ~[selenium-support-4.32.0.jar:?]
	at Utils.WaitUtils.waitForElementToBePresent(WaitUtils.java:17) ~[classes/:?]
	at Utils.WaitUtils.lambda$waitForElementToBeVisible$1(WaitUtils.java:23) ~[classes/:?]
	at org.openqa.selenium.support.ui.FluentWait.until(FluentWait.java:203) ~[selenium-support-4.32.0.jar:?]
	at Utils.WaitUtils.waitForElementToBeVisible(WaitUtils.java:22) ~[classes/:?]
	at Utils.WaitUtils.lambda$waitForElementToBeClickable$2(WaitUtils.java:31) ~[classes/:?]
	at org.openqa.selenium.support.ui.FluentWait.until(FluentWait.java:203) ~[selenium-support-4.32.0.jar:?]
	at Utils.WaitUtils.waitForElementToBeClickable(WaitUtils.java:30) ~[classes/:?]
	at Interactions.Button.click(Button.java:20) ~[classes/:?]
	at Pages.Task.EditTaskName(Task.java:30) ~[classes/:?]
	at ExampleTest.Test1(ExampleTest.java:24) ~[test-classes/:?]
	at jdk.internal.reflect.DirectMethodHandleAccessor.invoke(DirectMethodHandleAccessor.java:103) ~[?:?]
	at java.lang.reflect.Method.invoke(Method.java:580) ~[?:?]
	at org.testng.internal.invokers.MethodInvocationHelper.invokeMethod(MethodInvocationHelper.java:141) ~[testng-7.11.0.jar:7.11.0]
	at org.testng.internal.invokers.TestInvoker.invokeMethod(TestInvoker.java:687) ~[testng-7.11.0.jar:7.11.0]
	at org.testng.internal.invokers.TestInvoker.invokeTestMethod(TestInvoker.java:230) ~[testng-7.11.0.jar:7.11.0]
	at org.testng.internal.invokers.MethodRunner.runInSequence(MethodRunner.java:63) ~[testng-7.11.0.jar:7.11.0]
	at org.testng.internal.invokers.TestInvoker$MethodInvocationAgent.invoke(TestInvoker.java:995) ~[testng-7.11.0.jar:7.11.0]
	at org.testng.internal.invokers.TestInvoker.invokeTestMethods(TestInvoker.java:203) ~[testng-7.11.0.jar:7.11.0]
	at org.testng.internal.invokers.TestMethodWorker.invokeTestMethods(TestMethodWorker.java:154) ~[testng-7.11.0.jar:7.11.0]
	at org.testng.internal.invokers.TestMethodWorker.run(TestMethodWorker.java:134) ~[testng-7.11.0.jar:7.11.0]
	at java.util.ArrayList.forEach(ArrayList.java:1597) [?:?]
	at org.testng.TestRunner.privateRun(TestRunner.java:741) [testng-7.11.0.jar:7.11.0]
	at org.testng.TestRunner.run(TestRunner.java:616) [testng-7.11.0.jar:7.11.0]
	at org.testng.SuiteRunner.runTest(SuiteRunner.java:421) [testng-7.11.0.jar:7.11.0]
	at org.testng.SuiteRunner.runSequentially(SuiteRunner.java:413) [testng-7.11.0.jar:7.11.0]
	at org.testng.SuiteRunner.privateRun(SuiteRunner.java:373) [testng-7.11.0.jar:7.11.0]
	at org.testng.SuiteRunner.run(SuiteRunner.java:312) [testng-7.11.0.jar:7.11.0]
	at org.testng.SuiteRunnerWorker.runSuite(SuiteRunnerWorker.java:52) [testng-7.11.0.jar:7.11.0]
	at org.testng.SuiteRunnerWorker.run(SuiteRunnerWorker.java:95) [testng-7.11.0.jar:7.11.0]
	at org.testng.TestNG.runSuitesSequentially(TestNG.java:1274) [testng-7.11.0.jar:7.11.0]
	at org.testng.TestNG.runSuitesLocally(TestNG.java:1208) [testng-7.11.0.jar:7.11.0]
	at org.testng.TestNG.runSuites(TestNG.java:1112) [testng-7.11.0.jar:7.11.0]
	at org.testng.TestNG.run(TestNG.java:1079) [testng-7.11.0.jar:7.11.0]
	at com.intellij.rt.testng.IDEARemoteTestNG.run(IDEARemoteTestNG.java:65) [testng-rt.jar:?]
	at com.intellij.rt.testng.RemoteTestNGStarter.main(RemoteTestNGStarter.java:105) [testng-rt.jar:?]
Caused by: org.openqa.selenium.NoSuchElementException: An element could not be located on the page using the given search parameters.
For documentation on this error, please visit: https://www.selenium.dev/documentation/webdriver/troubleshooting/errors#no-such-element-exception
Build info: version: '4.32.0', revision: 'd17c8aa950'
System info: os.name: 'Windows 10', os.arch: 'amd64', os.version: '10.0', java.version: '23.0.2'
Driver info: io.appium.java_client.android.AndroidDriver
Command: [c1c948d0-0933-4a6b-914b-b6a3510820e5, findElement {value=com.ticktick.task:id/list_item_title, using=id}]
Capabilities {appium:appWaitForLaunch: true, appium:autoGrantPermissions: true, appium:automationName: UIAutomator2, appium:databaseEnabled: false, appium:desired: {appWaitForLaunch: true, autoGrantPermissions: true, automationName: UIAutomator2, noReset: true, platformName: ANDROID, udid: RFCXA13PB6Z}, appium:deviceApiLevel: 34, appium:deviceManufacturer: samsung, appium:deviceModel: SM-S928B, appium:deviceName: RFCXA13PB6Z, appium:deviceScreenDensity: 560, appium:deviceScreenSize: 1440x3120, appium:deviceUDID: RFCXA13PB6Z, appium:javascriptEnabled: true, appium:locationContextEnabled: false, appium:networkConnectionEnabled: true, appium:noReset: true, appium:pixelRatio: 3.5, appium:platformVersion: 14, appium:statBarHeight: 102, appium:takesScreenshot: true, appium:udid: RFCXA13PB6Z, appium:viewportRect: {height: 3018, left: 0, top: 102, width: 1440}, appium:warnings: {}, appium:webStorageEnabled: false, platformName: ANDROID}
Session ID: c1c948d0-0933-4a6b-914b-b6a3510820e5
	at jdk.internal.reflect.DirectConstructorHandleAccessor.newInstance(DirectConstructorHandleAccessor.java:62) ~[?:?]
	at java.lang.reflect.Constructor.newInstanceWithCaller(Constructor.java:501) ~[?:?]
	at java.lang.reflect.Constructor.newInstance(Constructor.java:485) ~[?:?]
	at org.openqa.selenium.remote.ErrorCodec.decode(ErrorCodec.java:167) ~[selenium-remote-driver-4.32.0.jar:?]
	at org.openqa.selenium.remote.codec.w3c.W3CHttpResponseCodec.decode(W3CHttpResponseCodec.java:138) ~[selenium-remote-driver-4.32.0.jar:?]
	at org.openqa.selenium.remote.codec.w3c.W3CHttpResponseCodec.decode(W3CHttpResponseCodec.java:50) ~[selenium-remote-driver-4.32.0.jar:?]
	at org.openqa.selenium.remote.HttpCommandExecutor.execute(HttpCommandExecutor.java:215) ~[selenium-remote-driver-4.32.0.jar:?]
	at io.appium.java_client.remote.AppiumCommandExecutor.execute(AppiumCommandExecutor.java:243) ~[java-client-9.4.0.jar:?]
	at org.openqa.selenium.remote.RemoteWebDriver.execute(RemoteWebDriver.java:545) ~[selenium-remote-driver-4.32.0.jar:?]
	at org.openqa.selenium.remote.ElementLocation$ElementFinder$2.findElement(ElementLocation.java:165) ~[selenium-remote-driver-4.32.0.jar:?]
	at org.openqa.selenium.remote.ElementLocation.findElement(ElementLocation.java:59) ~[selenium-remote-driver-4.32.0.jar:?]
	at org.openqa.selenium.remote.RemoteWebDriver.findElement(RemoteWebDriver.java:368) ~[selenium-remote-driver-4.32.0.jar:?]
	at org.openqa.selenium.remote.RemoteWebDriver.findElement(RemoteWebDriver.java:362) ~[selenium-remote-driver-4.32.0.jar:?]
	at Utils.WaitUtils.lambda$waitForElementToBePresent$0(WaitUtils.java:17) ~[classes/:?]
	at org.openqa.selenium.support.ui.FluentWait.until(FluentWait.java:203) ~[selenium-support-4.32.0.jar:?]
	... 35 more
2025-05-11 00:48:12 DEBUG org.testng.TestNG - suiteXmlPath: "C:\Users\yahia\AppData\Local\JetBrains\IdeaIC2025.1\temp-testng-customsuite.xml"
2025-05-11 00:48:13 INFO  org.testng.internal.Utils - [TestNG] Running:
  C:\Users\yahia\AppData\Local\JetBrains\IdeaIC2025.1\temp-testng-customsuite.xml

2025-05-11 00:48:18 INFO  Interactions.Element - Clicked on element: null
2025-05-11 00:48:34 ERROR Interactions.Element - Unexpected error clicking: Edit Name Button
org.openqa.selenium.WebDriverException: An unknown server-side error occurred while processing the command. Original error: 'POST /element' cannot be proxied to UiAutomator2 server because the instrumentation process is not running (probably crashed). Check the server log and/or the logcat output for more details
Build info: version: '4.32.0', revision: 'd17c8aa950'
System info: os.name: 'Windows 10', os.arch: 'amd64', os.version: '10.0', java.version: '23.0.2'
Driver info: io.appium.java_client.android.AndroidDriver
Command: [93e2f465-ad0e-45d7-ad11-3558512a505a, findElement {value=com.ticktick.task:id/list_item_title, using=id}]
Capabilities {appium:appWaitForLaunch: true, appium:autoGrantPermissions: true, appium:automationName: UIAutomator2, appium:databaseEnabled: false, appium:desired: {appWaitForLaunch: true, autoGrantPermissions: true, automationName: UIAutomator2, noReset: true, platformName: ANDROID, udid: RFCXA13PB6Z}, appium:deviceApiLevel: 34, appium:deviceManufacturer: samsung, appium:deviceModel: SM-S928B, appium:deviceName: RFCXA13PB6Z, appium:deviceScreenDensity: 560, appium:deviceScreenSize: 1440x3120, appium:deviceUDID: RFCXA13PB6Z, appium:javascriptEnabled: true, appium:locationContextEnabled: false, appium:networkConnectionEnabled: true, appium:noReset: true, appium:pixelRatio: 3.5, appium:platformVersion: 14, appium:statBarHeight: 102, appium:takesScreenshot: true, appium:udid: RFCXA13PB6Z, appium:viewportRect: {height: 3018, left: 0, top: 102, width: 1440}, appium:warnings: {}, appium:webStorageEnabled: false, platformName: ANDROID}
Session ID: 93e2f465-ad0e-45d7-ad11-3558512a505a
	at jdk.internal.reflect.DirectConstructorHandleAccessor.newInstance(DirectConstructorHandleAccessor.java:62) ~[?:?]
	at java.lang.reflect.Constructor.newInstanceWithCaller(Constructor.java:501) ~[?:?]
	at java.lang.reflect.Constructor.newInstance(Constructor.java:485) ~[?:?]
	at org.openqa.selenium.remote.ErrorCodec.decode(ErrorCodec.java:167) ~[selenium-remote-driver-4.32.0.jar:?]
	at org.openqa.selenium.remote.codec.w3c.W3CHttpResponseCodec.decode(W3CHttpResponseCodec.java:138) ~[selenium-remote-driver-4.32.0.jar:?]
	at org.openqa.selenium.remote.codec.w3c.W3CHttpResponseCodec.decode(W3CHttpResponseCodec.java:50) ~[selenium-remote-driver-4.32.0.jar:?]
	at org.openqa.selenium.remote.HttpCommandExecutor.execute(HttpCommandExecutor.java:215) ~[selenium-remote-driver-4.32.0.jar:?]
	at io.appium.java_client.remote.AppiumCommandExecutor.execute(AppiumCommandExecutor.java:243) ~[java-client-9.4.0.jar:?]
	at org.openqa.selenium.remote.RemoteWebDriver.execute(RemoteWebDriver.java:545) ~[selenium-remote-driver-4.32.0.jar:?]
	at org.openqa.selenium.remote.ElementLocation$ElementFinder$2.findElement(ElementLocation.java:165) ~[selenium-remote-driver-4.32.0.jar:?]
	at org.openqa.selenium.remote.ElementLocation.findElement(ElementLocation.java:59) ~[selenium-remote-driver-4.32.0.jar:?]
	at org.openqa.selenium.remote.RemoteWebDriver.findElement(RemoteWebDriver.java:368) ~[selenium-remote-driver-4.32.0.jar:?]
	at org.openqa.selenium.remote.RemoteWebDriver.findElement(RemoteWebDriver.java:362) ~[selenium-remote-driver-4.32.0.jar:?]
	at Utils.WaitUtils.lambda$waitForElementToBePresent$0(WaitUtils.java:17) ~[classes/:?]
	at org.openqa.selenium.support.ui.FluentWait.until(FluentWait.java:203) ~[selenium-support-4.32.0.jar:?]
	at Utils.WaitUtils.waitForElementToBePresent(WaitUtils.java:17) ~[classes/:?]
	at Utils.WaitUtils.lambda$waitForElementToBeVisible$1(WaitUtils.java:23) ~[classes/:?]
	at org.openqa.selenium.support.ui.FluentWait.until(FluentWait.java:203) ~[selenium-support-4.32.0.jar:?]
	at Utils.WaitUtils.waitForElementToBeVisible(WaitUtils.java:22) ~[classes/:?]
	at Utils.WaitUtils.lambda$waitForElementToBeClickable$2(WaitUtils.java:31) ~[classes/:?]
	at org.openqa.selenium.support.ui.FluentWait.until(FluentWait.java:203) ~[selenium-support-4.32.0.jar:?]
	at Utils.WaitUtils.waitForElementToBeClickable(WaitUtils.java:30) ~[classes/:?]
	at Interactions.Button.click(Button.java:20) ~[classes/:?]
	at Pages.Task.EditTaskName(Task.java:30) ~[classes/:?]
	at ExampleTest.Test1(ExampleTest.java:24) ~[test-classes/:?]
	at jdk.internal.reflect.DirectMethodHandleAccessor.invoke(DirectMethodHandleAccessor.java:103) ~[?:?]
	at java.lang.reflect.Method.invoke(Method.java:580) ~[?:?]
	at org.testng.internal.invokers.MethodInvocationHelper.invokeMethod(MethodInvocationHelper.java:141) ~[testng-7.11.0.jar:7.11.0]
	at org.testng.internal.invokers.TestInvoker.invokeMethod(TestInvoker.java:687) ~[testng-7.11.0.jar:7.11.0]
	at org.testng.internal.invokers.TestInvoker.invokeTestMethod(TestInvoker.java:230) ~[testng-7.11.0.jar:7.11.0]
	at org.testng.internal.invokers.MethodRunner.runInSequence(MethodRunner.java:63) ~[testng-7.11.0.jar:7.11.0]
	at org.testng.internal.invokers.TestInvoker$MethodInvocationAgent.invoke(TestInvoker.java:995) ~[testng-7.11.0.jar:7.11.0]
	at org.testng.internal.invokers.TestInvoker.invokeTestMethods(TestInvoker.java:203) ~[testng-7.11.0.jar:7.11.0]
	at org.testng.internal.invokers.TestMethodWorker.invokeTestMethods(TestMethodWorker.java:154) ~[testng-7.11.0.jar:7.11.0]
	at org.testng.internal.invokers.TestMethodWorker.run(TestMethodWorker.java:134) ~[testng-7.11.0.jar:7.11.0]
	at java.util.ArrayList.forEach(ArrayList.java:1597) [?:?]
	at org.testng.TestRunner.privateRun(TestRunner.java:741) [testng-7.11.0.jar:7.11.0]
	at org.testng.TestRunner.run(TestRunner.java:616) [testng-7.11.0.jar:7.11.0]
	at org.testng.SuiteRunner.runTest(SuiteRunner.java:421) [testng-7.11.0.jar:7.11.0]
	at org.testng.SuiteRunner.runSequentially(SuiteRunner.java:413) [testng-7.11.0.jar:7.11.0]
	at org.testng.SuiteRunner.privateRun(SuiteRunner.java:373) [testng-7.11.0.jar:7.11.0]
	at org.testng.SuiteRunner.run(SuiteRunner.java:312) [testng-7.11.0.jar:7.11.0]
	at org.testng.SuiteRunnerWorker.runSuite(SuiteRunnerWorker.java:52) [testng-7.11.0.jar:7.11.0]
	at org.testng.SuiteRunnerWorker.run(SuiteRunnerWorker.java:95) [testng-7.11.0.jar:7.11.0]
	at org.testng.TestNG.runSuitesSequentially(TestNG.java:1274) [testng-7.11.0.jar:7.11.0]
	at org.testng.TestNG.runSuitesLocally(TestNG.java:1208) [testng-7.11.0.jar:7.11.0]
	at org.testng.TestNG.runSuites(TestNG.java:1112) [testng-7.11.0.jar:7.11.0]
	at org.testng.TestNG.run(TestNG.java:1079) [testng-7.11.0.jar:7.11.0]
	at com.intellij.rt.testng.IDEARemoteTestNG.run(IDEARemoteTestNG.java:65) [testng-rt.jar:?]
	at com.intellij.rt.testng.RemoteTestNGStarter.main(RemoteTestNGStarter.java:105) [testng-rt.jar:?]
2025-05-11 00:48:42 DEBUG org.testng.TestNG - suiteXmlPath: "C:\Users\yahia\AppData\Local\JetBrains\IdeaIC2025.1\temp-testng-customsuite.xml"
2025-05-11 00:48:43 INFO  org.testng.internal.Utils - [TestNG] Running:
  C:\Users\yahia\AppData\Local\JetBrains\IdeaIC2025.1\temp-testng-customsuite.xml

2025-05-11 00:48:51 INFO  Interactions.Element - Clicked on element: null
2025-05-11 00:48:59 INFO  Interactions.Element - Clicked on element: Edit Name Button
2025-05-11 00:49:04 INFO  Interactions.Element - Set text Kareem's Task ' in element:  Edit task name
2025-05-11 00:49:09 INFO  Interactions.Element - Clicked on element: Change Priority
2025-05-11 00:49:09 INFO  Interactions.Element - Clicked on element: Set High Priority
2025-05-11 00:50:07 DEBUG org.testng.TestNG - suiteXmlPath: "C:\Users\yahia\AppData\Local\JetBrains\IdeaIC2025.1\temp-testng-customsuite.xml"
2025-05-11 00:50:07 INFO  org.testng.internal.Utils - [TestNG] Running:
  C:\Users\yahia\AppData\Local\JetBrains\IdeaIC2025.1\temp-testng-customsuite.xml

2025-05-11 00:50:13 INFO  Interactions.Element - Clicked on element: null
2025-05-11 00:50:23 DEBUG org.testng.TestNG - suiteXmlPath: "C:\Users\yahia\AppData\Local\JetBrains\IdeaIC2025.1\temp-testng-customsuite.xml"
2025-05-11 00:50:24 INFO  org.testng.internal.Utils - [TestNG] Running:
  C:\Users\yahia\AppData\Local\JetBrains\IdeaIC2025.1\temp-testng-customsuite.xml

2025-05-11 00:50:33 INFO  Interactions.Element - Clicked on element: null
2025-05-11 00:50:41 INFO  Interactions.Element - Clicked on element: Edit Name Button
2025-05-11 00:50:45 INFO  Interactions.Element - Set text Kareem's Task ' in element:  Edit task name
2025-05-11 00:50:50 INFO  Interactions.Element - Clicked on element: Change Priority
2025-05-11 00:50:50 INFO  Interactions.Element - Clicked on element: Set High Priority
2025-05-11 01:15:01 DEBUG org.testng.TestNG - suiteXmlPath: "C:\Users\yahia\AppData\Local\JetBrains\IdeaIC2025.1\temp-testng-customsuite.xml"
2025-05-11 01:15:01 INFO  org.testng.internal.Utils - [TestNG] Running:
  C:\Users\yahia\AppData\Local\JetBrains\IdeaIC2025.1\temp-testng-customsuite.xml

2025-05-11 01:19:21 DEBUG org.testng.TestNG - suiteXmlPath: "C:\Users\yahia\AppData\Local\JetBrains\IdeaIC2025.1\temp-testng-customsuite.xml"
2025-05-11 01:19:21 INFO  org.testng.internal.Utils - [TestNG] Running:
  C:\Users\yahia\AppData\Local\JetBrains\IdeaIC2025.1\temp-testng-customsuite.xml

2025-05-11 01:19:37 DEBUG org.testng.TestNG - suiteXmlPath: "C:\Users\yahia\AppData\Local\JetBrains\IdeaIC2025.1\temp-testng-customsuite.xml"
2025-05-11 01:19:37 INFO  org.testng.internal.Utils - [TestNG] Running:
  C:\Users\yahia\AppData\Local\JetBrains\IdeaIC2025.1\temp-testng-customsuite.xml

2025-05-11 01:20:06 DEBUG org.testng.TestNG - suiteXmlPath: "C:\Users\yahia\AppData\Local\JetBrains\IdeaIC2025.1\temp-testng-customsuite.xml"
2025-05-11 01:20:06 INFO  org.testng.internal.Utils - [TestNG] Running:
  C:\Users\yahia\AppData\Local\JetBrains\IdeaIC2025.1\temp-testng-customsuite.xml

2025-05-11 01:21:03 DEBUG org.testng.TestNG - suiteXmlPath: "C:\Users\yahia\AppData\Local\JetBrains\IdeaIC2025.1\temp-testng-customsuite.xml"
2025-05-11 01:21:03 INFO  org.testng.internal.Utils - [TestNG] Running:
  C:\Users\yahia\AppData\Local\JetBrains\IdeaIC2025.1\temp-testng-customsuite.xml

2025-05-11 01:21:32 DEBUG org.testng.TestNG - suiteXmlPath: "C:\Users\yahia\AppData\Local\JetBrains\IdeaIC2025.1\temp-testng-customsuite.xml"
2025-05-11 01:21:32 INFO  org.testng.internal.Utils - [TestNG] Running:
  C:\Users\yahia\AppData\Local\JetBrains\IdeaIC2025.1\temp-testng-customsuite.xml

2025-05-11 01:21:55 DEBUG org.testng.TestNG - suiteXmlPath: "C:\Users\yahia\AppData\Local\JetBrains\IdeaIC2025.1\temp-testng-customsuite.xml"
2025-05-11 01:21:55 INFO  org.testng.internal.Utils - [TestNG] Running:
  C:\Users\yahia\AppData\Local\JetBrains\IdeaIC2025.1\temp-testng-customsuite.xml

2025-05-11 01:22:14 DEBUG org.testng.TestNG - suiteXmlPath: "C:\Users\yahia\AppData\Local\JetBrains\IdeaIC2025.1\temp-testng-customsuite.xml"
2025-05-11 01:22:15 INFO  org.testng.internal.Utils - [TestNG] Running:
  C:\Users\yahia\AppData\Local\JetBrains\IdeaIC2025.1\temp-testng-customsuite.xml

2025-05-11 01:22:40 DEBUG org.testng.TestNG - suiteXmlPath: "C:\Users\yahia\AppData\Local\JetBrains\IdeaIC2025.1\temp-testng-customsuite.xml"
2025-05-11 01:22:40 INFO  org.testng.internal.Utils - [TestNG] Running:
  C:\Users\yahia\AppData\Local\JetBrains\IdeaIC2025.1\temp-testng-customsuite.xml

2025-05-11 01:23:05 DEBUG org.testng.TestNG - suiteXmlPath: "C:\Users\yahia\AppData\Local\JetBrains\IdeaIC2025.1\temp-testng-customsuite.xml"
2025-05-11 01:23:06 INFO  org.testng.internal.Utils - [TestNG] Running:
  C:\Users\yahia\AppData\Local\JetBrains\IdeaIC2025.1\temp-testng-customsuite.xml

2025-05-11 01:23:45 DEBUG org.testng.TestNG - suiteXmlPath: "C:\Users\yahia\AppData\Local\JetBrains\IdeaIC2025.1\temp-testng-customsuite.xml"
2025-05-11 01:23:45 INFO  org.testng.internal.Utils - [TestNG] Running:
  C:\Users\yahia\AppData\Local\JetBrains\IdeaIC2025.1\temp-testng-customsuite.xml

2025-05-11 01:25:39 DEBUG org.testng.TestNG - suiteXmlPath: "C:\Users\yahia\AppData\Local\JetBrains\IdeaIC2025.1\temp-testng-customsuite.xml"
2025-05-11 01:25:40 INFO  org.testng.internal.Utils - [TestNG] Running:
  C:\Users\yahia\AppData\Local\JetBrains\IdeaIC2025.1\temp-testng-customsuite.xml

2025-05-11 01:26:25 DEBUG org.testng.TestNG - suiteXmlPath: "C:\Users\yahia\AppData\Local\JetBrains\IdeaIC2025.1\temp-testng-customsuite.xml"
2025-05-11 01:26:25 INFO  org.testng.internal.Utils - [TestNG] Running:
  C:\Users\yahia\AppData\Local\JetBrains\IdeaIC2025.1\temp-testng-customsuite.xml

2025-05-11 01:26:45 DEBUG org.testng.TestNG - suiteXmlPath: "C:\Users\yahia\AppData\Local\JetBrains\IdeaIC2025.1\temp-testng-customsuite.xml"
2025-05-11 01:26:45 INFO  org.testng.internal.Utils - [TestNG] Running:
  C:\Users\yahia\AppData\Local\JetBrains\IdeaIC2025.1\temp-testng-customsuite.xml

2025-05-11 01:27:49 DEBUG org.testng.TestNG - suiteXmlPath: "C:\Users\yahia\AppData\Local\JetBrains\IdeaIC2025.1\temp-testng-customsuite.xml"
2025-05-11 01:27:49 INFO  org.testng.internal.Utils - [TestNG] Running:
  C:\Users\yahia\AppData\Local\JetBrains\IdeaIC2025.1\temp-testng-customsuite.xml

2025-05-11 01:29:14 DEBUG org.testng.TestNG - suiteXmlPath: "C:\Users\yahia\AppData\Local\JetBrains\IdeaIC2025.1\temp-testng-customsuite.xml"
2025-05-11 01:29:15 INFO  org.testng.internal.Utils - [TestNG] Running:
  C:\Users\yahia\AppData\Local\JetBrains\IdeaIC2025.1\temp-testng-customsuite.xml

2025-05-11 01:31:13 DEBUG org.testng.TestNG - suiteXmlPath: "C:\Users\yahia\AppData\Local\JetBrains\IdeaIC2025.1\temp-testng-customsuite.xml"
2025-05-11 01:31:13 INFO  org.testng.internal.Utils - [TestNG] Running:
  C:\Users\yahia\AppData\Local\JetBrains\IdeaIC2025.1\temp-testng-customsuite.xml

2025-05-11 01:31:47 DEBUG org.testng.TestNG - suiteXmlPath: "C:\Users\yahia\AppData\Local\JetBrains\IdeaIC2025.1\temp-testng-customsuite.xml"
2025-05-11 01:31:48 INFO  org.testng.internal.Utils - [TestNG] Running:
  C:\Users\yahia\AppData\Local\JetBrains\IdeaIC2025.1\temp-testng-customsuite.xml

2025-05-11 01:34:14 DEBUG org.testng.TestNG - suiteXmlPath: "C:\Users\yahia\AppData\Local\JetBrains\IdeaIC2025.1\temp-testng-customsuite.xml"
2025-05-11 01:34:15 INFO  org.testng.internal.Utils - [TestNG] Running:
  C:\Users\yahia\AppData\Local\JetBrains\IdeaIC2025.1\temp-testng-customsuite.xml

2025-05-11 01:34:46 DEBUG org.testng.TestNG - suiteXmlPath: "C:\Users\yahia\AppData\Local\JetBrains\IdeaIC2025.1\temp-testng-customsuite.xml"
2025-05-11 01:34:47 INFO  org.testng.internal.Utils - [TestNG] Running:
  C:\Users\yahia\AppData\Local\JetBrains\IdeaIC2025.1\temp-testng-customsuite.xml

2025-05-11 01:35:19 DEBUG org.testng.TestNG - suiteXmlPath: "C:\Users\yahia\AppData\Local\JetBrains\IdeaIC2025.1\temp-testng-customsuite.xml"
2025-05-11 01:35:20 INFO  org.testng.internal.Utils - [TestNG] Running:
  C:\Users\yahia\AppData\Local\JetBrains\IdeaIC2025.1\temp-testng-customsuite.xml

2025-05-11 01:35:59 DEBUG org.testng.TestNG - suiteXmlPath: "C:\Users\yahia\AppData\Local\JetBrains\IdeaIC2025.1\temp-testng-customsuite.xml"
2025-05-11 01:36:00 INFO  org.testng.internal.Utils - [TestNG] Running:
  C:\Users\yahia\AppData\Local\JetBrains\IdeaIC2025.1\temp-testng-customsuite.xml

2025-05-11 01:36:25 DEBUG org.testng.TestNG - suiteXmlPath: "C:\Users\yahia\AppData\Local\JetBrains\IdeaIC2025.1\temp-testng-customsuite.xml"
2025-05-11 01:36:25 INFO  org.testng.internal.Utils - [TestNG] Running:
  C:\Users\yahia\AppData\Local\JetBrains\IdeaIC2025.1\temp-testng-customsuite.xml

2025-05-11 01:40:40 DEBUG org.testng.TestNG - suiteXmlPath: "C:\Users\yahia\AppData\Local\JetBrains\IdeaIC2025.1\temp-testng-customsuite.xml"
2025-05-11 01:40:40 INFO  org.testng.internal.Utils - [TestNG] Running:
  C:\Users\yahia\AppData\Local\JetBrains\IdeaIC2025.1\temp-testng-customsuite.xml

2025-05-11 01:41:17 DEBUG org.testng.TestNG - suiteXmlPath: "C:\Users\yahia\AppData\Local\JetBrains\IdeaIC2025.1\temp-testng-customsuite.xml"
2025-05-11 01:41:17 INFO  org.testng.internal.Utils - [TestNG] Running:
  C:\Users\yahia\AppData\Local\JetBrains\IdeaIC2025.1\temp-testng-customsuite.xml

2025-05-11 01:41:57 DEBUG org.testng.TestNG - suiteXmlPath: "C:\Users\yahia\AppData\Local\JetBrains\IdeaIC2025.1\temp-testng-customsuite.xml"
2025-05-11 01:41:58 INFO  org.testng.internal.Utils - [TestNG] Running:
  C:\Users\yahia\AppData\Local\JetBrains\IdeaIC2025.1\temp-testng-customsuite.xml

2025-05-11 01:42:15 DEBUG org.testng.TestNG - suiteXmlPath: "C:\Users\yahia\AppData\Local\JetBrains\IdeaIC2025.1\temp-testng-customsuite.xml"
2025-05-11 01:42:16 INFO  org.testng.internal.Utils - [TestNG] Running:
  C:\Users\yahia\AppData\Local\JetBrains\IdeaIC2025.1\temp-testng-customsuite.xml

2025-05-11 01:42:38 DEBUG org.testng.TestNG - suiteXmlPath: "C:\Users\yahia\AppData\Local\JetBrains\IdeaIC2025.1\temp-testng-customsuite.xml"
2025-05-11 01:42:39 INFO  org.testng.internal.Utils - [TestNG] Running:
  C:\Users\yahia\AppData\Local\JetBrains\IdeaIC2025.1\temp-testng-customsuite.xml

2025-05-11 01:43:00 DEBUG org.testng.TestNG - suiteXmlPath: "C:\Users\yahia\AppData\Local\JetBrains\IdeaIC2025.1\temp-testng-customsuite.xml"
2025-05-11 01:43:01 INFO  org.testng.internal.Utils - [TestNG] Running:
  C:\Users\yahia\AppData\Local\JetBrains\IdeaIC2025.1\temp-testng-customsuite.xml

2025-05-11 01:43:33 DEBUG org.testng.TestNG - suiteXmlPath: "C:\Users\yahia\AppData\Local\JetBrains\IdeaIC2025.1\temp-testng-customsuite.xml"
2025-05-11 01:43:34 INFO  org.testng.internal.Utils - [TestNG] Running:
  C:\Users\yahia\AppData\Local\JetBrains\IdeaIC2025.1\temp-testng-customsuite.xml

2025-05-11 01:43:52 DEBUG org.testng.TestNG - suiteXmlPath: "C:\Users\yahia\AppData\Local\JetBrains\IdeaIC2025.1\temp-testng-customsuite.xml"
2025-05-11 01:43:53 INFO  org.testng.internal.Utils - [TestNG] Running:
  C:\Users\yahia\AppData\Local\JetBrains\IdeaIC2025.1\temp-testng-customsuite.xml

2025-05-11 01:44:21 DEBUG org.testng.TestNG - suiteXmlPath: "C:\Users\yahia\AppData\Local\JetBrains\IdeaIC2025.1\temp-testng-customsuite.xml"
2025-05-11 01:44:21 INFO  org.testng.internal.Utils - [TestNG] Running:
  C:\Users\yahia\AppData\Local\JetBrains\IdeaIC2025.1\temp-testng-customsuite.xml

2025-05-11 01:45:16 DEBUG org.testng.TestNG - suiteXmlPath: "C:\Users\yahia\AppData\Local\JetBrains\IdeaIC2025.1\temp-testng-customsuite.xml"
2025-05-11 01:45:17 INFO  org.testng.internal.Utils - [TestNG] Running:
  C:\Users\yahia\AppData\Local\JetBrains\IdeaIC2025.1\temp-testng-customsuite.xml

2025-05-11 01:46:35 DEBUG org.testng.TestNG - suiteXmlPath: "C:\Users\yahia\AppData\Local\JetBrains\IdeaIC2025.1\temp-testng-customsuite.xml"
2025-05-11 01:46:36 INFO  org.testng.internal.Utils - [TestNG] Running:
  C:\Users\yahia\AppData\Local\JetBrains\IdeaIC2025.1\temp-testng-customsuite.xml

2025-05-11 01:48:04 DEBUG org.testng.TestNG - suiteXmlPath: "C:\Users\yahia\AppData\Local\JetBrains\IdeaIC2025.1\temp-testng-customsuite.xml"
2025-05-11 01:48:05 INFO  org.testng.internal.Utils - [TestNG] Running:
  C:\Users\yahia\AppData\Local\JetBrains\IdeaIC2025.1\temp-testng-customsuite.xml

2025-05-11 01:52:21 DEBUG org.testng.TestNG - suiteXmlPath: "C:\Users\yahia\AppData\Local\JetBrains\IdeaIC2025.1\temp-testng-customsuite.xml"
2025-05-11 01:52:22 INFO  org.testng.internal.Utils - [TestNG] Running:
  C:\Users\yahia\AppData\Local\JetBrains\IdeaIC2025.1\temp-testng-customsuite.xml

2025-05-11 01:53:26 DEBUG org.testng.TestNG - suiteXmlPath: "C:\Users\yahia\AppData\Local\JetBrains\IdeaIC2025.1\temp-testng-customsuite.xml"
2025-05-11 01:53:26 INFO  org.testng.internal.Utils - [TestNG] Running:
  C:\Users\yahia\AppData\Local\JetBrains\IdeaIC2025.1\temp-testng-customsuite.xml

2025-05-11 01:53:54 DEBUG org.testng.TestNG - suiteXmlPath: "C:\Users\yahia\AppData\Local\JetBrains\IdeaIC2025.1\temp-testng-customsuite.xml"
2025-05-11 01:53:55 INFO  org.testng.internal.Utils - [TestNG] Running:
  C:\Users\yahia\AppData\Local\JetBrains\IdeaIC2025.1\temp-testng-customsuite.xml

2025-05-11 01:54:16 DEBUG org.testng.TestNG - suiteXmlPath: "C:\Users\yahia\AppData\Local\JetBrains\IdeaIC2025.1\temp-testng-customsuite.xml"
2025-05-11 01:54:17 INFO  org.testng.internal.Utils - [TestNG] Running:
  C:\Users\yahia\AppData\Local\JetBrains\IdeaIC2025.1\temp-testng-customsuite.xml

2025-05-11 01:54:42 DEBUG org.testng.TestNG - suiteXmlPath: "C:\Users\yahia\AppData\Local\JetBrains\IdeaIC2025.1\temp-testng-customsuite.xml"
2025-05-11 01:54:43 INFO  org.testng.internal.Utils - [TestNG] Running:
  C:\Users\yahia\AppData\Local\JetBrains\IdeaIC2025.1\temp-testng-customsuite.xml

2025-05-11 01:55:13 DEBUG org.testng.TestNG - suiteXmlPath: "C:\Users\yahia\AppData\Local\JetBrains\IdeaIC2025.1\temp-testng-customsuite.xml"
2025-05-11 01:55:13 INFO  org.testng.internal.Utils - [TestNG] Running:
  C:\Users\yahia\AppData\Local\JetBrains\IdeaIC2025.1\temp-testng-customsuite.xml

2025-05-11 01:55:19 INFO  Interactions.Element - Clicked on element: null
2025-05-11 01:55:25 INFO  Interactions.Element - Clicked on element: Edit Name Button
2025-05-11 01:55:27 INFO  Interactions.Element - Set text Kareem's Task ' in element:  Edit task name
2025-05-11 01:55:32 INFO  Interactions.Element - Clicked on element: Change Priority
2025-05-11 01:55:32 INFO  Interactions.Element - Clicked on element: Set High Priority
2025-05-11 01:55:36 INFO  Interactions.Element - Clicked on element: Add a tag
2025-05-11 01:55:37 INFO  Interactions.Element - Set text Testing123 ' in element:  Add the Tag
2025-05-11 01:56:48 DEBUG org.testng.TestNG - suiteXmlPath: "C:\Users\yahia\AppData\Local\JetBrains\IdeaIC2025.1\temp-testng-customsuite.xml"
2025-05-11 01:56:48 INFO  org.testng.internal.Utils - [TestNG] Running:
  C:\Users\yahia\AppData\Local\JetBrains\IdeaIC2025.1\temp-testng-customsuite.xml

2025-05-11 01:57:00 INFO  Interactions.Element - Clicked on element: null
2025-05-11 01:57:05 INFO  Interactions.Element - Clicked on element: Edit Name Button
2025-05-11 01:57:08 INFO  Interactions.Element - Set text Kareem's Task ' in element:  Edit task name
2025-05-11 01:57:13 INFO  Interactions.Element - Clicked on element: Change Priority
2025-05-11 01:57:13 INFO  Interactions.Element - Clicked on element: Set High Priority
2025-05-11 01:57:17 INFO  Interactions.Element - Clicked on element: Add a tag
2025-05-11 01:57:18 INFO  Interactions.Element - Set text Testing123 ' in element:  Add the Tag
2025-05-11 01:57:24 INFO  Interactions.Element - Clicked on element: null
2025-05-11 01:57:25 INFO  Interactions.Element - Clicked on element: null
2025-05-11 01:57:28 INFO  Interactions.Element - Set text This is a test description ' in element:  Description TexBox
2025-05-11 01:57:35 INFO  Interactions.Element - Clicked on element: null
2025-05-11 01:57:36 INFO  Interactions.Element - Set text Test Task ' in element:  Task Name
2025-05-11 01:57:39 INFO  Interactions.Element - Set text This is a test task ' in element:  Task Description
2025-05-11 01:57:40 INFO  Interactions.Element - Clicked on element: null
2025-05-11 05:32:27 DEBUG org.testng.TestNG - suiteXmlPath: "C:\Users\yahia\AppData\Local\JetBrains\IdeaIC2025.1\temp-testng-customsuite.xml"
2025-05-11 05:32:27 INFO  org.testng.internal.Utils - [TestNG] Running:
  C:\Users\yahia\AppData\Local\JetBrains\IdeaIC2025.1\temp-testng-customsuite.xml

2025-05-11 05:32:59 DEBUG org.testng.TestNG - suiteXmlPath: "C:\Users\yahia\AppData\Local\JetBrains\IdeaIC2025.1\temp-testng-customsuite.xml"
2025-05-11 05:32:59 INFO  org.testng.internal.Utils - [TestNG] Running:
  C:\Users\yahia\AppData\Local\JetBrains\IdeaIC2025.1\temp-testng-customsuite.xml

2025-05-11 05:37:14 DEBUG org.testng.TestNG - suiteXmlPath: "C:\Users\yahia\AppData\Local\JetBrains\IdeaIC2025.1\temp-testng-customsuite.xml"
2025-05-11 05:37:15 INFO  org.testng.internal.Utils - [TestNG] Running:
  C:\Users\yahia\AppData\Local\JetBrains\IdeaIC2025.1\temp-testng-customsuite.xml

2025-05-11 05:39:00 DEBUG org.testng.TestNG - suiteXmlPath: "C:\Users\yahia\AppData\Local\JetBrains\IdeaIC2025.1\temp-testng-customsuite.xml"
2025-05-11 05:39:00 INFO  org.testng.internal.Utils - [TestNG] Running:
  C:\Users\yahia\AppData\Local\JetBrains\IdeaIC2025.1\temp-testng-customsuite.xml

2025-05-11 05:54:40 DEBUG org.testng.TestNG - suiteXmlPath: "C:\Users\yahia\AppData\Local\JetBrains\IdeaIC2025.1\temp-testng-customsuite.xml"
2025-05-11 05:54:40 INFO  org.testng.internal.Utils - [TestNG] Running:
  C:\Users\yahia\AppData\Local\JetBrains\IdeaIC2025.1\temp-testng-customsuite.xml

2025-05-11 05:54:47 INFO  Interactions.Element - Clicked on element: null
2025-05-11 05:55:03 DEBUG org.testng.TestNG - suiteXmlPath: "C:\Users\yahia\AppData\Local\JetBrains\IdeaIC2025.1\temp-testng-customsuite.xml"
2025-05-11 05:55:03 INFO  org.testng.internal.Utils - [TestNG] Running:
  C:\Users\yahia\AppData\Local\JetBrains\IdeaIC2025.1\temp-testng-customsuite.xml

2025-05-11 05:55:12 INFO  Interactions.Element - Clicked on element: null
2025-05-11 05:58:20 DEBUG org.testng.TestNG - suiteXmlPath: "C:\Users\yahia\AppData\Local\JetBrains\IdeaIC2025.1\temp-testng-customsuite.xml"
2025-05-11 05:58:21 INFO  org.testng.internal.Utils - [TestNG] Running:
  C:\Users\yahia\AppData\Local\JetBrains\IdeaIC2025.1\temp-testng-customsuite.xml

2025-05-11 05:58:26 INFO  Interactions.Element - Clicked on element: null
2025-05-11 05:59:01 DEBUG org.testng.TestNG - suiteXmlPath: "C:\Users\yahia\AppData\Local\JetBrains\IdeaIC2025.1\temp-testng-customsuite.xml"
2025-05-11 05:59:02 INFO  org.testng.internal.Utils - [TestNG] Running:
  C:\Users\yahia\AppData\Local\JetBrains\IdeaIC2025.1\temp-testng-customsuite.xml

2025-05-11 05:59:12 INFO  Interactions.Element - Clicked on element: null
2025-05-11 06:02:30 DEBUG org.testng.TestNG - suiteXmlPath: "C:\Users\yahia\AppData\Local\JetBrains\IdeaIC2025.1\temp-testng-customsuite.xml"
2025-05-11 06:02:31 INFO  org.testng.internal.Utils - [TestNG] Running:
  C:\Users\yahia\AppData\Local\JetBrains\IdeaIC2025.1\temp-testng-customsuite.xml

2025-05-11 06:02:36 INFO  Interactions.Element - Clicked on element: null
2025-05-11 06:16:48 DEBUG org.testng.TestNG - suiteXmlPath: "C:\Users\yahia\AppData\Local\JetBrains\IdeaIC2025.1\temp-testng-customsuite.xml"
2025-05-11 06:16:48 INFO  org.testng.internal.Utils - [TestNG] Running:
  C:\Users\yahia\AppData\Local\JetBrains\IdeaIC2025.1\temp-testng-customsuite.xml

2025-05-11 06:22:10 DEBUG org.testng.TestNG - suiteXmlPath: "C:\Users\yahia\AppData\Local\JetBrains\IdeaIC2025.1\temp-testng-customsuite.xml"
2025-05-11 06:22:10 INFO  org.testng.internal.Utils - [TestNG] Running:
  C:\Users\yahia\AppData\Local\JetBrains\IdeaIC2025.1\temp-testng-customsuite.xml

2025-05-11 06:22:25 DEBUG org.testng.TestNG - suiteXmlPath: "C:\Users\yahia\AppData\Local\JetBrains\IdeaIC2025.1\temp-testng-customsuite.xml"
2025-05-11 06:22:26 INFO  org.testng.internal.Utils - [TestNG] Running:
  C:\Users\yahia\AppData\Local\JetBrains\IdeaIC2025.1\temp-testng-customsuite.xml

2025-05-11 06:24:01 DEBUG org.testng.TestNG - suiteXmlPath: "C:\Users\yahia\AppData\Local\JetBrains\IdeaIC2025.1\temp-testng-customsuite.xml"
2025-05-11 06:24:02 INFO  org.testng.internal.Utils - [TestNG] Running:
  C:\Users\yahia\AppData\Local\JetBrains\IdeaIC2025.1\temp-testng-customsuite.xml

2025-05-11 06:24:07 INFO  Interactions.Element - Clicked on element: null
2025-05-11 06:29:23 DEBUG org.testng.TestNG - suiteXmlPath: "C:\Users\yahia\AppData\Local\JetBrains\IdeaIC2025.1\temp-testng-customsuite.xml"
2025-05-11 06:29:23 INFO  org.testng.internal.Utils - [TestNG] Running:
  C:\Users\yahia\AppData\Local\JetBrains\IdeaIC2025.1\temp-testng-customsuite.xml

2025-05-11 06:29:34 INFO  Interactions.Element - Clicked on element: null
2025-05-11 06:44:13 DEBUG org.testng.TestNG - suiteXmlPath: "C:\Users\yahia\AppData\Local\JetBrains\IdeaIC2025.1\temp-testng-customsuite.xml"
2025-05-11 06:44:13 INFO  org.testng.internal.Utils - [TestNG] Running:
  C:\Users\yahia\AppData\Local\JetBrains\IdeaIC2025.1\temp-testng-customsuite.xml

2025-05-11 06:46:31 DEBUG org.testng.TestNG - suiteXmlPath: "C:\Users\yahia\AppData\Local\JetBrains\IdeaIC2025.1\temp-testng-customsuite.xml"
2025-05-11 06:46:32 INFO  org.testng.internal.Utils - [TestNG] Running:
  C:\Users\yahia\AppData\Local\JetBrains\IdeaIC2025.1\temp-testng-customsuite.xml

2025-05-11 06:46:57 DEBUG org.testng.TestNG - suiteXmlPath: "C:\Users\yahia\AppData\Local\JetBrains\IdeaIC2025.1\temp-testng-customsuite.xml"
2025-05-11 06:46:57 INFO  org.testng.internal.Utils - [TestNG] Running:
  C:\Users\yahia\AppData\Local\JetBrains\IdeaIC2025.1\temp-testng-customsuite.xml

2025-05-11 06:48:11 DEBUG org.testng.TestNG - suiteXmlPath: "C:\Users\yahia\AppData\Local\JetBrains\IdeaIC2025.1\temp-testng-customsuite.xml"
2025-05-11 06:48:11 INFO  org.testng.internal.Utils - [TestNG] Running:
  C:\Users\yahia\AppData\Local\JetBrains\IdeaIC2025.1\temp-testng-customsuite.xml

2025-05-11 06:48:29 DEBUG org.testng.TestNG - suiteXmlPath: "C:\Users\yahia\AppData\Local\JetBrains\IdeaIC2025.1\temp-testng-customsuite.xml"
2025-05-11 06:48:30 INFO  org.testng.internal.Utils - [TestNG] Running:
  C:\Users\yahia\AppData\Local\JetBrains\IdeaIC2025.1\temp-testng-customsuite.xml

2025-05-11 06:49:30 DEBUG org.testng.TestNG - suiteXmlPath: "C:\Users\yahia\AppData\Local\JetBrains\IdeaIC2025.1\temp-testng-customsuite.xml"
2025-05-11 06:49:30 INFO  org.testng.internal.Utils - [TestNG] Running:
  C:\Users\yahia\AppData\Local\JetBrains\IdeaIC2025.1\temp-testng-customsuite.xml

2025-05-11 06:51:27 DEBUG org.testng.TestNG - suiteXmlPath: "C:\Users\yahia\AppData\Local\JetBrains\IdeaIC2025.1\temp-testng-customsuite.xml"
2025-05-11 06:51:27 INFO  org.testng.internal.Utils - [TestNG] Running:
  C:\Users\yahia\AppData\Local\JetBrains\IdeaIC2025.1\temp-testng-customsuite.xml

2025-05-11 06:51:42 DEBUG org.testng.TestNG - suiteXmlPath: "C:\Users\yahia\AppData\Local\JetBrains\IdeaIC2025.1\temp-testng-customsuite.xml"
2025-05-11 06:51:42 INFO  org.testng.internal.Utils - [TestNG] Running:
  C:\Users\yahia\AppData\Local\JetBrains\IdeaIC2025.1\temp-testng-customsuite.xml

2025-05-11 06:52:37 DEBUG org.testng.TestNG - suiteXmlPath: "C:\Users\yahia\AppData\Local\JetBrains\IdeaIC2025.1\temp-testng-customsuite.xml"
2025-05-11 06:52:38 INFO  org.testng.internal.Utils - [TestNG] Running:
  C:\Users\yahia\AppData\Local\JetBrains\IdeaIC2025.1\temp-testng-customsuite.xml

2025-05-11 06:56:54 DEBUG org.testng.TestNG - suiteXmlPath: "C:\Users\yahia\AppData\Local\JetBrains\IdeaIC2025.1\temp-testng-customsuite.xml"
2025-05-11 06:56:54 INFO  org.testng.internal.Utils - [TestNG] Running:
  C:\Users\yahia\AppData\Local\JetBrains\IdeaIC2025.1\temp-testng-customsuite.xml

2025-05-11 06:58:52 DEBUG org.testng.TestNG - suiteXmlPath: "C:\Users\yahia\AppData\Local\JetBrains\IdeaIC2025.1\temp-testng-customsuite.xml"
2025-05-11 06:58:52 INFO  org.testng.internal.Utils - [TestNG] Running:
  C:\Users\yahia\AppData\Local\JetBrains\IdeaIC2025.1\temp-testng-customsuite.xml

2025-05-11 07:07:33 DEBUG org.testng.TestNG - suiteXmlPath: "C:\Users\yahia\AppData\Local\JetBrains\IdeaIC2025.1\temp-testng-customsuite.xml"
2025-05-11 07:07:33 INFO  org.testng.internal.Utils - [TestNG] Running:
  C:\Users\yahia\AppData\Local\JetBrains\IdeaIC2025.1\temp-testng-customsuite.xml

2025-05-11 07:09:43 DEBUG org.testng.TestNG - suiteXmlPath: "C:\Users\yahia\AppData\Local\JetBrains\IdeaIC2025.1\temp-testng-customsuite.xml"
2025-05-11 07:09:44 INFO  org.testng.internal.Utils - [TestNG] Running:
  C:\Users\yahia\AppData\Local\JetBrains\IdeaIC2025.1\temp-testng-customsuite.xml

2025-05-11 07:10:19 DEBUG org.testng.TestNG - suiteXmlPath: "C:\Users\yahia\AppData\Local\JetBrains\IdeaIC2025.1\temp-testng-customsuite.xml"
2025-05-11 07:10:20 INFO  org.testng.internal.Utils - [TestNG] Running:
  C:\Users\yahia\AppData\Local\JetBrains\IdeaIC2025.1\temp-testng-customsuite.xml

2025-05-11 07:10:32 INFO  Interactions.Element - Clicked on element: null
2025-05-11 07:10:34 INFO  Interactions.Element - Clicked on element: null
2025-05-11 07:11:04 DEBUG org.testng.TestNG - suiteXmlPath: "C:\Users\yahia\AppData\Local\JetBrains\IdeaIC2025.1\temp-testng-customsuite.xml"
2025-05-11 07:11:05 INFO  org.testng.internal.Utils - [TestNG] Running:
  C:\Users\yahia\AppData\Local\JetBrains\IdeaIC2025.1\temp-testng-customsuite.xml

2025-05-11 07:11:12 INFO  Interactions.Element - Clicked on element: null
2025-05-11 07:11:16 INFO  Interactions.Element - Clicked on element: null
2025-05-11 07:11:59 DEBUG org.testng.TestNG - suiteXmlPath: "C:\Users\yahia\AppData\Local\JetBrains\IdeaIC2025.1\temp-testng-customsuite.xml"
2025-05-11 07:11:59 INFO  org.testng.internal.Utils - [TestNG] Running:
  C:\Users\yahia\AppData\Local\JetBrains\IdeaIC2025.1\temp-testng-customsuite.xml

2025-05-11 07:12:10 INFO  Interactions.Element - Clicked on element: null
2025-05-11 07:12:13 INFO  Interactions.Element - Clicked on element: null
2025-05-11 07:13:05 DEBUG org.testng.TestNG - suiteXmlPath: "C:\Users\yahia\AppData\Local\JetBrains\IdeaIC2025.1\temp-testng-customsuite.xml"
2025-05-11 07:13:06 INFO  org.testng.internal.Utils - [TestNG] Running:
  C:\Users\yahia\AppData\Local\JetBrains\IdeaIC2025.1\temp-testng-customsuite.xml

2025-05-11 07:13:41 DEBUG org.testng.TestNG - suiteXmlPath: "C:\Users\yahia\AppData\Local\JetBrains\IdeaIC2025.1\temp-testng-customsuite.xml"
2025-05-11 07:13:42 INFO  org.testng.internal.Utils - [TestNG] Running:
  C:\Users\yahia\AppData\Local\JetBrains\IdeaIC2025.1\temp-testng-customsuite.xml

2025-05-11 07:14:22 DEBUG org.testng.TestNG - suiteXmlPath: "C:\Users\yahia\AppData\Local\JetBrains\IdeaIC2025.1\temp-testng-customsuite.xml"
2025-05-11 07:14:23 INFO  org.testng.internal.Utils - [TestNG] Running:
  C:\Users\yahia\AppData\Local\JetBrains\IdeaIC2025.1\temp-testng-customsuite.xml

2025-05-11 07:14:51 DEBUG org.testng.TestNG - suiteXmlPath: "C:\Users\yahia\AppData\Local\JetBrains\IdeaIC2025.1\temp-testng-customsuite.xml"
2025-05-11 07:14:51 INFO  org.testng.internal.Utils - [TestNG] Running:
  C:\Users\yahia\AppData\Local\JetBrains\IdeaIC2025.1\temp-testng-customsuite.xml

2025-05-11 07:15:21 DEBUG org.testng.TestNG - suiteXmlPath: "C:\Users\yahia\AppData\Local\JetBrains\IdeaIC2025.1\temp-testng-customsuite.xml"
2025-05-11 07:15:21 INFO  org.testng.internal.Utils - [TestNG] Running:
  C:\Users\yahia\AppData\Local\JetBrains\IdeaIC2025.1\temp-testng-customsuite.xml

2025-05-11 07:17:31 DEBUG org.testng.TestNG - suiteXmlPath: "C:\Users\yahia\AppData\Local\JetBrains\IdeaIC2025.1\temp-testng-customsuite.xml"
2025-05-11 07:17:32 INFO  org.testng.internal.Utils - [TestNG] Running:
  C:\Users\yahia\AppData\Local\JetBrains\IdeaIC2025.1\temp-testng-customsuite.xml

2025-05-11 07:18:33 DEBUG org.testng.TestNG - suiteXmlPath: "C:\Users\yahia\AppData\Local\JetBrains\IdeaIC2025.1\temp-testng-customsuite.xml"
2025-05-11 07:18:34 INFO  org.testng.internal.Utils - [TestNG] Running:
  C:\Users\yahia\AppData\Local\JetBrains\IdeaIC2025.1\temp-testng-customsuite.xml

2025-05-11 07:19:55 DEBUG org.testng.TestNG - suiteXmlPath: "C:\Users\yahia\AppData\Local\JetBrains\IdeaIC2025.1\temp-testng-customsuite.xml"
2025-05-11 07:19:56 INFO  org.testng.internal.Utils - [TestNG] Running:
  C:\Users\yahia\AppData\Local\JetBrains\IdeaIC2025.1\temp-testng-customsuite.xml

2025-05-11 07:20:03 INFO  Interactions.Element - Clicked on element: null
2025-05-11 07:20:06 INFO  Interactions.Element - Clicked on element: null
2025-05-11 07:20:21 DEBUG org.testng.TestNG - suiteXmlPath: "C:\Users\yahia\AppData\Local\JetBrains\IdeaIC2025.1\temp-testng-customsuite.xml"
2025-05-11 07:20:22 INFO  org.testng.internal.Utils - [TestNG] Running:
  C:\Users\yahia\AppData\Local\JetBrains\IdeaIC2025.1\temp-testng-customsuite.xml

2025-05-11 07:20:31 INFO  Interactions.Element - Clicked on element: null
2025-05-11 07:20:34 INFO  Interactions.Element - Clicked on element: null
2025-05-11 07:40:53 DEBUG org.testng.TestNG - suiteXmlPath: "C:\Users\yahia\AppData\Local\JetBrains\IdeaIC2025.1\temp-testng-customsuite.xml"
2025-05-11 07:40:53 INFO  org.testng.internal.Utils - [TestNG] Running:
  C:\Users\yahia\AppData\Local\JetBrains\IdeaIC2025.1\temp-testng-customsuite.xml

2025-05-11 07:40:59 INFO  Interactions.Element - Clicked on element: null
2025-05-11 07:44:32 DEBUG org.testng.TestNG - suiteXmlPath: "C:\Users\yahia\AppData\Local\JetBrains\IdeaIC2025.1\temp-testng-customsuite.xml"
2025-05-11 07:44:33 INFO  org.testng.internal.Utils - [TestNG] Running:
  C:\Users\yahia\AppData\Local\JetBrains\IdeaIC2025.1\temp-testng-customsuite.xml

2025-05-11 07:44:44 INFO  Interactions.Element - Clicked on element: null
2025-05-11 07:50:37 DEBUG org.testng.TestNG - suiteXmlPath: "C:\Users\yahia\AppData\Local\JetBrains\IdeaIC2025.1\temp-testng-customsuite.xml"
2025-05-11 07:50:38 INFO  org.testng.internal.Utils - [TestNG] Running:
  C:\Users\yahia\AppData\Local\JetBrains\IdeaIC2025.1\temp-testng-customsuite.xml

2025-05-11 07:50:42 INFO  Interactions.Element - Clicked on element: null
2025-05-11 07:52:07 DEBUG org.testng.TestNG - suiteXmlPath: "C:\Users\yahia\AppData\Local\JetBrains\IdeaIC2025.1\temp-testng-customsuite.xml"
2025-05-11 07:52:08 INFO  org.testng.internal.Utils - [TestNG] Running:
  C:\Users\yahia\AppData\Local\JetBrains\IdeaIC2025.1\temp-testng-customsuite.xml

2025-05-11 07:52:17 INFO  Interactions.Element - Clicked on element: null
2025-05-11 07:53:38 DEBUG org.testng.TestNG - suiteXmlPath: "C:\Users\yahia\AppData\Local\JetBrains\IdeaIC2025.1\temp-testng-customsuite.xml"
2025-05-11 07:53:38 INFO  org.testng.internal.Utils - [TestNG] Running:
  C:\Users\yahia\AppData\Local\JetBrains\IdeaIC2025.1\temp-testng-customsuite.xml

2025-05-11 07:53:44 INFO  Interactions.Element - Clicked on element: null
2025-05-11 07:54:51 DEBUG org.testng.TestNG - suiteXmlPath: "C:\Users\yahia\AppData\Local\JetBrains\IdeaIC2025.1\temp-testng-customsuite.xml"
2025-05-11 07:54:52 INFO  org.testng.internal.Utils - [TestNG] Running:
  C:\Users\yahia\AppData\Local\JetBrains\IdeaIC2025.1\temp-testng-customsuite.xml

2025-05-11 07:55:02 INFO  Interactions.Element - Clicked on element: null
2025-05-11 08:02:16 DEBUG org.testng.TestNG - suiteXmlPath: "C:\Users\yahia\AppData\Local\JetBrains\IdeaIC2025.1\temp-testng-customsuite.xml"
2025-05-11 08:02:16 INFO  org.testng.internal.Utils - [TestNG] Running:
  C:\Users\yahia\AppData\Local\JetBrains\IdeaIC2025.1\temp-testng-customsuite.xml

2025-05-11 08:02:21 INFO  Interactions.Element - Clicked on element: null
2025-05-11 08:02:28 INFO  Interactions.Element - Clicked on element: Edit Name Button
2025-05-11 08:02:33 INFO  Interactions.Element - Set text Kareem's Task ' in element:  Edit task name
2025-05-11 08:02:38 INFO  Interactions.Element - Clicked on element: Change Priority
2025-05-11 08:02:38 INFO  Interactions.Element - Clicked on element: Set High Priority
2025-05-11 08:03:13 INFO  Interactions.Element - Clicked on element: Add a tag
2025-05-11 08:03:14 INFO  Interactions.Element - Set text Testing123 ' in element:  Add the Tag
2025-05-11 08:04:34 DEBUG org.testng.TestNG - suiteXmlPath: "C:\Users\yahia\AppData\Local\JetBrains\IdeaIC2025.1\temp-testng-customsuite.xml"
2025-05-11 08:04:35 INFO  org.testng.internal.Utils - [TestNG] Running:
  C:\Users\yahia\AppData\Local\JetBrains\IdeaIC2025.1\temp-testng-customsuite.xml

2025-05-11 08:04:45 INFO  Interactions.Element - Clicked on element: null
2025-05-11 08:04:52 INFO  Interactions.Element - Clicked on element: Edit Name Button
2025-05-11 08:04:56 INFO  Interactions.Element - Set text Kareem's Task ' in element:  Edit task name
2025-05-11 08:05:01 INFO  Interactions.Element - Clicked on element: Change Priority
2025-05-11 08:05:02 INFO  Interactions.Element - Clicked on element: Set High Priority
2025-05-11 08:05:37 INFO  Interactions.Element - Clicked on element: Add a tag
2025-05-11 08:05:38 INFO  Interactions.Element - Set text Testing123 ' in element:  Add the Tag
2025-05-11 08:05:43 INFO  Interactions.Element - Clicked on element: null
2025-05-11 08:05:46 INFO  Interactions.Element - Clicked on element: null
2025-05-11 08:05:49 INFO  Interactions.Element - Set text This is a test description ' in element:  Description TexBox
2025-05-11 08:07:27 DEBUG org.testng.TestNG - suiteXmlPath: "C:\Users\yahia\AppData\Local\JetBrains\IdeaIC2025.1\temp-testng-customsuite.xml"
2025-05-11 08:07:27 INFO  org.testng.internal.Utils - [TestNG] Running:
  C:\Users\yahia\AppData\Local\JetBrains\IdeaIC2025.1\temp-testng-customsuite.xml

2025-05-11 08:07:33 INFO  Interactions.Element - Clicked on element: null
2025-05-11 08:07:34 INFO  Interactions.Element - Clicked on element: null
2025-05-11 08:07:37 INFO  Interactions.Element - Set text This is a test description ' in element:  Description TexBox
2025-05-11 08:07:44 INFO  Interactions.Element - Clicked on element: null
2025-05-11 08:07:45 INFO  Interactions.Element - Set text Test Task ' in element:  Task Name
2025-05-11 08:07:46 INFO  Interactions.Element - Set text This is a test task ' in element:  Task Description
2025-05-11 08:07:48 INFO  Interactions.Element - Clicked on element: null
2025-05-11 08:08:13 DEBUG org.testng.TestNG - suiteXmlPath: "C:\Users\yahia\AppData\Local\JetBrains\IdeaIC2025.1\temp-testng-customsuite.xml"
2025-05-11 08:08:13 INFO  org.testng.internal.Utils - [TestNG] Running:
  C:\Users\yahia\AppData\Local\JetBrains\IdeaIC2025.1\temp-testng-customsuite.xml

2025-05-11 08:08:19 INFO  Interactions.Element - Clicked on element: null
2025-05-11 08:08:27 INFO  Interactions.Element - Clicked on element: Edit Name Button
2025-05-11 08:08:31 INFO  Interactions.Element - Set text Kareem's Task ' in element:  Edit task name
2025-05-11 08:08:36 INFO  Interactions.Element - Clicked on element: Change Priority
2025-05-11 08:08:36 INFO  Interactions.Element - Clicked on element: Set High Priority
2025-05-11 08:09:10 INFO  Interactions.Element - Clicked on element: Add a tag
2025-05-11 08:09:12 INFO  Interactions.Element - Set text Testing123 ' in element:  Add the Tag
2025-05-11 08:10:07 DEBUG org.testng.TestNG - suiteXmlPath: "C:\Users\yahia\AppData\Local\JetBrains\IdeaIC2025.1\temp-testng-customsuite.xml"
2025-05-11 08:10:07 INFO  org.testng.internal.Utils - [TestNG] Running:
  C:\Users\yahia\AppData\Local\JetBrains\IdeaIC2025.1\temp-testng-customsuite.xml

2025-05-11 08:10:55 DEBUG org.testng.TestNG - suiteXmlPath: "C:\Users\yahia\AppData\Local\JetBrains\IdeaIC2025.1\temp-testng-customsuite.xml"
2025-05-11 08:10:55 INFO  org.testng.internal.Utils - [TestNG] Running:
  C:\Users\yahia\AppData\Local\JetBrains\IdeaIC2025.1\temp-testng-customsuite.xml

2025-05-11 08:11:01 INFO  Interactions.Element - Clicked on element: null
2025-05-11 08:11:02 INFO  Interactions.Element - Clicked on element: null
2025-05-11 08:11:06 INFO  Interactions.Element - Set text This is a test description ' in element:  Description TexBox
2025-05-11 08:11:12 INFO  Interactions.Element - Clicked on element: null
2025-05-11 08:11:14 INFO  Interactions.Element - Set text Test Task ' in element:  Task Name
2025-05-11 08:11:15 INFO  Interactions.Element - Set text This is a test task ' in element:  Task Description
2025-05-11 08:11:17 INFO  Interactions.Element - Clicked on element: null
2025-05-11 08:11:35 DEBUG org.testng.TestNG - suiteXmlPath: "C:\Users\yahia\AppData\Local\JetBrains\IdeaIC2025.1\temp-testng-customsuite.xml"
2025-05-11 08:11:35 INFO  org.testng.internal.Utils - [TestNG] Running:
  C:\Users\yahia\AppData\Local\JetBrains\IdeaIC2025.1\temp-testng-customsuite.xml

2025-05-11 08:12:21 DEBUG org.testng.TestNG - suiteXmlPath: "C:\Users\yahia\AppData\Local\JetBrains\IdeaIC2025.1\temp-testng-customsuite.xml"
2025-05-11 08:12:22 INFO  org.testng.internal.Utils - [TestNG] Running:
  C:\Users\yahia\AppData\Local\JetBrains\IdeaIC2025.1\temp-testng-customsuite.xml

2025-05-11 08:15:07 DEBUG org.testng.TestNG - suiteXmlPath: "C:\Users\yahia\AppData\Local\JetBrains\IdeaIC2025.1\temp-testng-customsuite.xml"
2025-05-11 08:15:07 INFO  org.testng.internal.Utils - [TestNG] Running:
  C:\Users\yahia\AppData\Local\JetBrains\IdeaIC2025.1\temp-testng-customsuite.xml

2025-05-11 08:15:12 INFO  Interactions.Element - Clicked on element: null
2025-05-11 08:15:21 INFO  Interactions.Element - Clicked on element: Edit Name Button
2025-05-11 08:15:25 INFO  Interactions.Element - Set text Kareem's Task ' in element:  Edit task name
2025-05-11 08:15:30 INFO  Interactions.Element - Clicked on element: Change Priority
2025-05-11 08:15:40 ERROR Interactions.Element - Timeout waiting for element to be clickable: Add a tag
org.openqa.selenium.TimeoutException: Expected condition failed: waiting for Utils.WaitUtils$$Lambda/0x000002a8a3406490@25b52284 (tried for 10 second(s) with 500 milliseconds interval)
	at org.openqa.selenium.support.ui.WebDriverWait.timeoutException(WebDriverWait.java:84) ~[selenium-support-4.32.0.jar:?]
	at org.openqa.selenium.support.ui.FluentWait.until(FluentWait.java:228) ~[selenium-support-4.32.0.jar:?]
	at Utils.WaitUtils.waitForElementToBePresent(WaitUtils.java:17) ~[classes/:?]
	at Utils.WaitUtils.lambda$waitForElementToBeVisible$1(WaitUtils.java:23) ~[classes/:?]
	at org.openqa.selenium.support.ui.FluentWait.until(FluentWait.java:203) ~[selenium-support-4.32.0.jar:?]
	at Utils.WaitUtils.waitForElementToBeVisible(WaitUtils.java:22) ~[classes/:?]
	at Utils.WaitUtils.lambda$waitForElementToBeClickable$2(WaitUtils.java:31) ~[classes/:?]
	at org.openqa.selenium.support.ui.FluentWait.until(FluentWait.java:203) ~[selenium-support-4.32.0.jar:?]
	at Utils.WaitUtils.waitForElementToBeClickable(WaitUtils.java:30) ~[classes/:?]
	at Interactions.Button.click(Button.java:20) ~[classes/:?]
	at Pages.Task.AddTag(Task.java:86) ~[classes/:?]
	at ExampleTest.invalidTestNonExistentTag(ExampleTest.java:134) ~[test-classes/:?]
	at jdk.internal.reflect.DirectMethodHandleAccessor.invoke(DirectMethodHandleAccessor.java:103) ~[?:?]
	at java.lang.reflect.Method.invoke(Method.java:580) ~[?:?]
	at org.testng.internal.invokers.MethodInvocationHelper.invokeMethod(MethodInvocationHelper.java:141) ~[testng-7.11.0.jar:7.11.0]
	at org.testng.internal.invokers.TestInvoker.invokeMethod(TestInvoker.java:687) ~[testng-7.11.0.jar:7.11.0]
	at org.testng.internal.invokers.TestInvoker.invokeTestMethod(TestInvoker.java:230) ~[testng-7.11.0.jar:7.11.0]
	at org.testng.internal.invokers.MethodRunner.runInSequence(MethodRunner.java:63) ~[testng-7.11.0.jar:7.11.0]
	at org.testng.internal.invokers.TestInvoker$MethodInvocationAgent.invoke(TestInvoker.java:995) ~[testng-7.11.0.jar:7.11.0]
	at org.testng.internal.invokers.TestInvoker.invokeTestMethods(TestInvoker.java:203) ~[testng-7.11.0.jar:7.11.0]
	at org.testng.internal.invokers.TestMethodWorker.invokeTestMethods(TestMethodWorker.java:154) ~[testng-7.11.0.jar:7.11.0]
	at org.testng.internal.invokers.TestMethodWorker.run(TestMethodWorker.java:134) ~[testng-7.11.0.jar:7.11.0]
	at java.util.ArrayList.forEach(ArrayList.java:1597) [?:?]
	at org.testng.TestRunner.privateRun(TestRunner.java:741) [testng-7.11.0.jar:7.11.0]
	at org.testng.TestRunner.run(TestRunner.java:616) [testng-7.11.0.jar:7.11.0]
	at org.testng.SuiteRunner.runTest(SuiteRunner.java:421) [testng-7.11.0.jar:7.11.0]
	at org.testng.SuiteRunner.runSequentially(SuiteRunner.java:413) [testng-7.11.0.jar:7.11.0]
	at org.testng.SuiteRunner.privateRun(SuiteRunner.java:373) [testng-7.11.0.jar:7.11.0]
	at org.testng.SuiteRunner.run(SuiteRunner.java:312) [testng-7.11.0.jar:7.11.0]
	at org.testng.SuiteRunnerWorker.runSuite(SuiteRunnerWorker.java:52) [testng-7.11.0.jar:7.11.0]
	at org.testng.SuiteRunnerWorker.run(SuiteRunnerWorker.java:95) [testng-7.11.0.jar:7.11.0]
	at org.testng.TestNG.runSuitesSequentially(TestNG.java:1274) [testng-7.11.0.jar:7.11.0]
	at org.testng.TestNG.runSuitesLocally(TestNG.java:1208) [testng-7.11.0.jar:7.11.0]
	at org.testng.TestNG.runSuites(TestNG.java:1112) [testng-7.11.0.jar:7.11.0]
	at org.testng.TestNG.run(TestNG.java:1079) [testng-7.11.0.jar:7.11.0]
	at com.intellij.rt.testng.IDEARemoteTestNG.run(IDEARemoteTestNG.java:65) [testng-rt.jar:?]
	at com.intellij.rt.testng.RemoteTestNGStarter.main(RemoteTestNGStarter.java:105) [testng-rt.jar:?]
Caused by: org.openqa.selenium.NoSuchElementException: An element could not be located on the page using the given search parameters.
For documentation on this error, please visit: https://www.selenium.dev/documentation/webdriver/troubleshooting/errors#no-such-element-exception
Build info: version: '4.32.0', revision: 'd17c8aa950'
System info: os.name: 'Windows 10', os.arch: 'amd64', os.version: '10.0', java.version: '23.0.2'
Driver info: io.appium.java_client.android.AndroidDriver
Command: [fcc0e736-713b-4070-bf42-d9d74f6b87c9, findElement {value=com.ticktick.task:id/input_tag, using=id}]
Capabilities {appium:appWaitForLaunch: true, appium:autoGrantPermissions: true, appium:automationName: UIAutomator2, appium:databaseEnabled: false, appium:desired: {appWaitForLaunch: true, autoGrantPermissions: true, automationName: UIAutomator2, noReset: true, platformName: ANDROID, udid: RFCXA13PB6Z}, appium:deviceApiLevel: 34, appium:deviceManufacturer: samsung, appium:deviceModel: SM-S928B, appium:deviceName: RFCXA13PB6Z, appium:deviceScreenDensity: 560, appium:deviceScreenSize: 1440x3120, appium:deviceUDID: RFCXA13PB6Z, appium:javascriptEnabled: true, appium:locationContextEnabled: false, appium:networkConnectionEnabled: true, appium:noReset: true, appium:pixelRatio: 3.5, appium:platformVersion: 14, appium:statBarHeight: 102, appium:takesScreenshot: true, appium:udid: RFCXA13PB6Z, appium:viewportRect: {height: 3018, left: 0, top: 102, width: 1440}, appium:warnings: {}, appium:webStorageEnabled: false, platformName: ANDROID}
Session ID: fcc0e736-713b-4070-bf42-d9d74f6b87c9
	at jdk.internal.reflect.DirectConstructorHandleAccessor.newInstance(DirectConstructorHandleAccessor.java:62) ~[?:?]
	at java.lang.reflect.Constructor.newInstanceWithCaller(Constructor.java:501) ~[?:?]
	at java.lang.reflect.Constructor.newInstance(Constructor.java:485) ~[?:?]
	at org.openqa.selenium.remote.ErrorCodec.decode(ErrorCodec.java:167) ~[selenium-remote-driver-4.32.0.jar:?]
	at org.openqa.selenium.remote.codec.w3c.W3CHttpResponseCodec.decode(W3CHttpResponseCodec.java:138) ~[selenium-remote-driver-4.32.0.jar:?]
	at org.openqa.selenium.remote.codec.w3c.W3CHttpResponseCodec.decode(W3CHttpResponseCodec.java:50) ~[selenium-remote-driver-4.32.0.jar:?]
	at org.openqa.selenium.remote.HttpCommandExecutor.execute(HttpCommandExecutor.java:215) ~[selenium-remote-driver-4.32.0.jar:?]
	at io.appium.java_client.remote.AppiumCommandExecutor.execute(AppiumCommandExecutor.java:243) ~[java-client-9.4.0.jar:?]
	at org.openqa.selenium.remote.RemoteWebDriver.execute(RemoteWebDriver.java:545) ~[selenium-remote-driver-4.32.0.jar:?]
	at org.openqa.selenium.remote.ElementLocation$ElementFinder$2.findElement(ElementLocation.java:165) ~[selenium-remote-driver-4.32.0.jar:?]
	at org.openqa.selenium.remote.ElementLocation.findElement(ElementLocation.java:59) ~[selenium-remote-driver-4.32.0.jar:?]
	at org.openqa.selenium.remote.RemoteWebDriver.findElement(RemoteWebDriver.java:368) ~[selenium-remote-driver-4.32.0.jar:?]
	at org.openqa.selenium.remote.RemoteWebDriver.findElement(RemoteWebDriver.java:362) ~[selenium-remote-driver-4.32.0.jar:?]
	at Utils.WaitUtils.lambda$waitForElementToBePresent$0(WaitUtils.java:17) ~[classes/:?]
	at org.openqa.selenium.support.ui.FluentWait.until(FluentWait.java:203) ~[selenium-support-4.32.0.jar:?]
	... 35 more
2025-05-11 08:15:50 ERROR Interactions.Element - Textbox not visible in time: Add the Tag
org.openqa.selenium.TimeoutException: Expected condition failed: waiting for Utils.WaitUtils$$Lambda/0x000002a8a3406490@29a1505c (tried for 10 second(s) with 500 milliseconds interval)
	at org.openqa.selenium.support.ui.WebDriverWait.timeoutException(WebDriverWait.java:84) ~[selenium-support-4.32.0.jar:?]
	at org.openqa.selenium.support.ui.FluentWait.until(FluentWait.java:228) ~[selenium-support-4.32.0.jar:?]
	at Utils.WaitUtils.waitForElementToBePresent(WaitUtils.java:17) ~[classes/:?]
	at Utils.WaitUtils.lambda$waitForElementToBeVisible$1(WaitUtils.java:23) ~[classes/:?]
	at org.openqa.selenium.support.ui.FluentWait.until(FluentWait.java:203) ~[selenium-support-4.32.0.jar:?]
	at Utils.WaitUtils.waitForElementToBeVisible(WaitUtils.java:22) ~[classes/:?]
	at Interactions.Textbox.setText(Textbox.java:23) ~[classes/:?]
	at Pages.Task.AddTag(Task.java:87) ~[classes/:?]
	at ExampleTest.invalidTestNonExistentTag(ExampleTest.java:134) ~[test-classes/:?]
	at jdk.internal.reflect.DirectMethodHandleAccessor.invoke(DirectMethodHandleAccessor.java:103) ~[?:?]
	at java.lang.reflect.Method.invoke(Method.java:580) ~[?:?]
	at org.testng.internal.invokers.MethodInvocationHelper.invokeMethod(MethodInvocationHelper.java:141) ~[testng-7.11.0.jar:7.11.0]
	at org.testng.internal.invokers.TestInvoker.invokeMethod(TestInvoker.java:687) ~[testng-7.11.0.jar:7.11.0]
	at org.testng.internal.invokers.TestInvoker.invokeTestMethod(TestInvoker.java:230) ~[testng-7.11.0.jar:7.11.0]
	at org.testng.internal.invokers.MethodRunner.runInSequence(MethodRunner.java:63) ~[testng-7.11.0.jar:7.11.0]
	at org.testng.internal.invokers.TestInvoker$MethodInvocationAgent.invoke(TestInvoker.java:995) ~[testng-7.11.0.jar:7.11.0]
	at org.testng.internal.invokers.TestInvoker.invokeTestMethods(TestInvoker.java:203) ~[testng-7.11.0.jar:7.11.0]
	at org.testng.internal.invokers.TestMethodWorker.invokeTestMethods(TestMethodWorker.java:154) ~[testng-7.11.0.jar:7.11.0]
	at org.testng.internal.invokers.TestMethodWorker.run(TestMethodWorker.java:134) ~[testng-7.11.0.jar:7.11.0]
	at java.util.ArrayList.forEach(ArrayList.java:1597) [?:?]
	at org.testng.TestRunner.privateRun(TestRunner.java:741) [testng-7.11.0.jar:7.11.0]
	at org.testng.TestRunner.run(TestRunner.java:616) [testng-7.11.0.jar:7.11.0]
	at org.testng.SuiteRunner.runTest(SuiteRunner.java:421) [testng-7.11.0.jar:7.11.0]
	at org.testng.SuiteRunner.runSequentially(SuiteRunner.java:413) [testng-7.11.0.jar:7.11.0]
	at org.testng.SuiteRunner.privateRun(SuiteRunner.java:373) [testng-7.11.0.jar:7.11.0]
	at org.testng.SuiteRunner.run(SuiteRunner.java:312) [testng-7.11.0.jar:7.11.0]
	at org.testng.SuiteRunnerWorker.runSuite(SuiteRunnerWorker.java:52) [testng-7.11.0.jar:7.11.0]
	at org.testng.SuiteRunnerWorker.run(SuiteRunnerWorker.java:95) [testng-7.11.0.jar:7.11.0]
	at org.testng.TestNG.runSuitesSequentially(TestNG.java:1274) [testng-7.11.0.jar:7.11.0]
	at org.testng.TestNG.runSuitesLocally(TestNG.java:1208) [testng-7.11.0.jar:7.11.0]
	at org.testng.TestNG.runSuites(TestNG.java:1112) [testng-7.11.0.jar:7.11.0]
	at org.testng.TestNG.run(TestNG.java:1079) [testng-7.11.0.jar:7.11.0]
	at com.intellij.rt.testng.IDEARemoteTestNG.run(IDEARemoteTestNG.java:65) [testng-rt.jar:?]
	at com.intellij.rt.testng.RemoteTestNGStarter.main(RemoteTestNGStarter.java:105) [testng-rt.jar:?]
Caused by: org.openqa.selenium.NoSuchElementException: An element could not be located on the page using the given search parameters.
For documentation on this error, please visit: https://www.selenium.dev/documentation/webdriver/troubleshooting/errors#no-such-element-exception
Build info: version: '4.32.0', revision: 'd17c8aa950'
System info: os.name: 'Windows 10', os.arch: 'amd64', os.version: '10.0', java.version: '23.0.2'
Driver info: io.appium.java_client.android.AndroidDriver
Command: [fcc0e736-713b-4070-bf42-d9d74f6b87c9, findElement {value=com.ticktick.task:id/input_tag_et, using=id}]
Capabilities {appium:appWaitForLaunch: true, appium:autoGrantPermissions: true, appium:automationName: UIAutomator2, appium:databaseEnabled: false, appium:desired: {appWaitForLaunch: true, autoGrantPermissions: true, automationName: UIAutomator2, noReset: true, platformName: ANDROID, udid: RFCXA13PB6Z}, appium:deviceApiLevel: 34, appium:deviceManufacturer: samsung, appium:deviceModel: SM-S928B, appium:deviceName: RFCXA13PB6Z, appium:deviceScreenDensity: 560, appium:deviceScreenSize: 1440x3120, appium:deviceUDID: RFCXA13PB6Z, appium:javascriptEnabled: true, appium:locationContextEnabled: false, appium:networkConnectionEnabled: true, appium:noReset: true, appium:pixelRatio: 3.5, appium:platformVersion: 14, appium:statBarHeight: 102, appium:takesScreenshot: true, appium:udid: RFCXA13PB6Z, appium:viewportRect: {height: 3018, left: 0, top: 102, width: 1440}, appium:warnings: {}, appium:webStorageEnabled: false, platformName: ANDROID}
Session ID: fcc0e736-713b-4070-bf42-d9d74f6b87c9
	at jdk.internal.reflect.DirectConstructorHandleAccessor.newInstance(DirectConstructorHandleAccessor.java:62) ~[?:?]
	at java.lang.reflect.Constructor.newInstanceWithCaller(Constructor.java:501) ~[?:?]
	at java.lang.reflect.Constructor.newInstance(Constructor.java:485) ~[?:?]
	at org.openqa.selenium.remote.ErrorCodec.decode(ErrorCodec.java:167) ~[selenium-remote-driver-4.32.0.jar:?]
	at org.openqa.selenium.remote.codec.w3c.W3CHttpResponseCodec.decode(W3CHttpResponseCodec.java:138) ~[selenium-remote-driver-4.32.0.jar:?]
	at org.openqa.selenium.remote.codec.w3c.W3CHttpResponseCodec.decode(W3CHttpResponseCodec.java:50) ~[selenium-remote-driver-4.32.0.jar:?]
	at org.openqa.selenium.remote.HttpCommandExecutor.execute(HttpCommandExecutor.java:215) ~[selenium-remote-driver-4.32.0.jar:?]
	at io.appium.java_client.remote.AppiumCommandExecutor.execute(AppiumCommandExecutor.java:243) ~[java-client-9.4.0.jar:?]
	at org.openqa.selenium.remote.RemoteWebDriver.execute(RemoteWebDriver.java:545) ~[selenium-remote-driver-4.32.0.jar:?]
	at org.openqa.selenium.remote.ElementLocation$ElementFinder$2.findElement(ElementLocation.java:165) ~[selenium-remote-driver-4.32.0.jar:?]
	at org.openqa.selenium.remote.ElementLocation.findElement(ElementLocation.java:59) ~[selenium-remote-driver-4.32.0.jar:?]
	at org.openqa.selenium.remote.RemoteWebDriver.findElement(RemoteWebDriver.java:368) ~[selenium-remote-driver-4.32.0.jar:?]
	at org.openqa.selenium.remote.RemoteWebDriver.findElement(RemoteWebDriver.java:362) ~[selenium-remote-driver-4.32.0.jar:?]
	at Utils.WaitUtils.lambda$waitForElementToBePresent$0(WaitUtils.java:17) ~[classes/:?]
	at org.openqa.selenium.support.ui.FluentWait.until(FluentWait.java:203) ~[selenium-support-4.32.0.jar:?]
	... 32 more
2025-05-11 08:18:08 DEBUG org.testng.TestNG - suiteXmlPath: "C:\Users\yahia\AppData\Local\JetBrains\IdeaIC2025.1\temp-testng-customsuite.xml"
2025-05-11 08:18:08 INFO  org.testng.internal.Utils - [TestNG] Running:
  C:\Users\yahia\AppData\Local\JetBrains\IdeaIC2025.1\temp-testng-customsuite.xml

2025-05-11 08:18:18 INFO  Interactions.Element - Clicked on element: null
2025-05-11 08:18:26 INFO  Interactions.Element - Clicked on element: Edit Name Button
2025-05-11 08:18:30 INFO  Interactions.Element - Set text Kareem's Task ' in element:  Edit task name
2025-05-11 08:18:35 INFO  Interactions.Element - Clicked on element: Change Priority
2025-05-11 08:18:45 ERROR Interactions.Element - Timeout waiting for element to be clickable: Add a tag
org.openqa.selenium.TimeoutException: Expected condition failed: waiting for Utils.WaitUtils$$Lambda/0x0000021e2d405fd8@3b4d50b (tried for 10 second(s) with 500 milliseconds interval)
	at org.openqa.selenium.support.ui.WebDriverWait.timeoutException(WebDriverWait.java:84) ~[selenium-support-4.32.0.jar:?]
	at org.openqa.selenium.support.ui.FluentWait.until(FluentWait.java:228) ~[selenium-support-4.32.0.jar:?]
	at Utils.WaitUtils.waitForElementToBePresent(WaitUtils.java:17) ~[classes/:?]
	at Utils.WaitUtils.lambda$waitForElementToBeVisible$1(WaitUtils.java:23) ~[classes/:?]
	at org.openqa.selenium.support.ui.FluentWait.until(FluentWait.java:203) ~[selenium-support-4.32.0.jar:?]
	at Utils.WaitUtils.waitForElementToBeVisible(WaitUtils.java:22) ~[classes/:?]
	at Utils.WaitUtils.lambda$waitForElementToBeClickable$2(WaitUtils.java:31) ~[classes/:?]
	at org.openqa.selenium.support.ui.FluentWait.until(FluentWait.java:203) ~[selenium-support-4.32.0.jar:?]
	at Utils.WaitUtils.waitForElementToBeClickable(WaitUtils.java:30) ~[classes/:?]
	at Interactions.Button.click(Button.java:20) ~[classes/:?]
	at Pages.Task.AddTag(Task.java:86) ~[classes/:?]
	at ExampleTest.invalidTestNonExistentTag(ExampleTest.java:136) ~[test-classes/:?]
	at jdk.internal.reflect.DirectMethodHandleAccessor.invoke(DirectMethodHandleAccessor.java:103) ~[?:?]
	at java.lang.reflect.Method.invoke(Method.java:580) ~[?:?]
	at org.testng.internal.invokers.MethodInvocationHelper.invokeMethod(MethodInvocationHelper.java:141) ~[testng-7.11.0.jar:7.11.0]
	at org.testng.internal.invokers.TestInvoker.invokeMethod(TestInvoker.java:687) ~[testng-7.11.0.jar:7.11.0]
	at org.testng.internal.invokers.TestInvoker.invokeTestMethod(TestInvoker.java:230) ~[testng-7.11.0.jar:7.11.0]
	at org.testng.internal.invokers.MethodRunner.runInSequence(MethodRunner.java:63) ~[testng-7.11.0.jar:7.11.0]
	at org.testng.internal.invokers.TestInvoker$MethodInvocationAgent.invoke(TestInvoker.java:995) ~[testng-7.11.0.jar:7.11.0]
	at org.testng.internal.invokers.TestInvoker.invokeTestMethods(TestInvoker.java:203) ~[testng-7.11.0.jar:7.11.0]
	at org.testng.internal.invokers.TestMethodWorker.invokeTestMethods(TestMethodWorker.java:154) ~[testng-7.11.0.jar:7.11.0]
	at org.testng.internal.invokers.TestMethodWorker.run(TestMethodWorker.java:134) ~[testng-7.11.0.jar:7.11.0]
	at java.util.ArrayList.forEach(ArrayList.java:1597) [?:?]
	at org.testng.TestRunner.privateRun(TestRunner.java:741) [testng-7.11.0.jar:7.11.0]
	at org.testng.TestRunner.run(TestRunner.java:616) [testng-7.11.0.jar:7.11.0]
	at org.testng.SuiteRunner.runTest(SuiteRunner.java:421) [testng-7.11.0.jar:7.11.0]
	at org.testng.SuiteRunner.runSequentially(SuiteRunner.java:413) [testng-7.11.0.jar:7.11.0]
	at org.testng.SuiteRunner.privateRun(SuiteRunner.java:373) [testng-7.11.0.jar:7.11.0]
	at org.testng.SuiteRunner.run(SuiteRunner.java:312) [testng-7.11.0.jar:7.11.0]
	at org.testng.SuiteRunnerWorker.runSuite(SuiteRunnerWorker.java:52) [testng-7.11.0.jar:7.11.0]
	at org.testng.SuiteRunnerWorker.run(SuiteRunnerWorker.java:95) [testng-7.11.0.jar:7.11.0]
	at org.testng.TestNG.runSuitesSequentially(TestNG.java:1274) [testng-7.11.0.jar:7.11.0]
	at org.testng.TestNG.runSuitesLocally(TestNG.java:1208) [testng-7.11.0.jar:7.11.0]
	at org.testng.TestNG.runSuites(TestNG.java:1112) [testng-7.11.0.jar:7.11.0]
	at org.testng.TestNG.run(TestNG.java:1079) [testng-7.11.0.jar:7.11.0]
	at com.intellij.rt.testng.IDEARemoteTestNG.run(IDEARemoteTestNG.java:65) [testng-rt.jar:?]
	at com.intellij.rt.testng.RemoteTestNGStarter.main(RemoteTestNGStarter.java:105) [testng-rt.jar:?]
Caused by: org.openqa.selenium.NoSuchElementException: An element could not be located on the page using the given search parameters.
For documentation on this error, please visit: https://www.selenium.dev/documentation/webdriver/troubleshooting/errors#no-such-element-exception
Build info: version: '4.32.0', revision: 'd17c8aa950'
System info: os.name: 'Windows 10', os.arch: 'amd64', os.version: '10.0', java.version: '23.0.2'
Driver info: io.appium.java_client.android.AndroidDriver
Command: [5271f1f7-678f-43d5-9fe4-1ef30dffb2ac, findElement {using=id, value=com.ticktick.task:id/input_tag}]
Capabilities {appium:appWaitForLaunch: true, appium:autoGrantPermissions: true, appium:automationName: UIAutomator2, appium:databaseEnabled: false, appium:desired: {appWaitForLaunch: true, autoGrantPermissions: true, automationName: UIAutomator2, noReset: true, platformName: ANDROID, udid: RFCXA13PB6Z}, appium:deviceApiLevel: 34, appium:deviceManufacturer: samsung, appium:deviceModel: SM-S928B, appium:deviceName: RFCXA13PB6Z, appium:deviceScreenDensity: 560, appium:deviceScreenSize: 1440x3120, appium:deviceUDID: RFCXA13PB6Z, appium:javascriptEnabled: true, appium:locationContextEnabled: false, appium:networkConnectionEnabled: true, appium:noReset: true, appium:pixelRatio: 3.5, appium:platformVersion: 14, appium:statBarHeight: 102, appium:takesScreenshot: true, appium:udid: RFCXA13PB6Z, appium:viewportRect: {height: 3018, left: 0, top: 102, width: 1440}, appium:warnings: {}, appium:webStorageEnabled: false, platformName: ANDROID}
Session ID: 5271f1f7-678f-43d5-9fe4-1ef30dffb2ac
	at jdk.internal.reflect.DirectConstructorHandleAccessor.newInstance(DirectConstructorHandleAccessor.java:62) ~[?:?]
	at java.lang.reflect.Constructor.newInstanceWithCaller(Constructor.java:501) ~[?:?]
	at java.lang.reflect.Constructor.newInstance(Constructor.java:485) ~[?:?]
	at org.openqa.selenium.remote.ErrorCodec.decode(ErrorCodec.java:167) ~[selenium-remote-driver-4.32.0.jar:?]
	at org.openqa.selenium.remote.codec.w3c.W3CHttpResponseCodec.decode(W3CHttpResponseCodec.java:138) ~[selenium-remote-driver-4.32.0.jar:?]
	at org.openqa.selenium.remote.codec.w3c.W3CHttpResponseCodec.decode(W3CHttpResponseCodec.java:50) ~[selenium-remote-driver-4.32.0.jar:?]
	at org.openqa.selenium.remote.HttpCommandExecutor.execute(HttpCommandExecutor.java:215) ~[selenium-remote-driver-4.32.0.jar:?]
	at io.appium.java_client.remote.AppiumCommandExecutor.execute(AppiumCommandExecutor.java:243) ~[java-client-9.4.0.jar:?]
	at org.openqa.selenium.remote.RemoteWebDriver.execute(RemoteWebDriver.java:545) ~[selenium-remote-driver-4.32.0.jar:?]
	at org.openqa.selenium.remote.ElementLocation$ElementFinder$2.findElement(ElementLocation.java:165) ~[selenium-remote-driver-4.32.0.jar:?]
	at org.openqa.selenium.remote.ElementLocation.findElement(ElementLocation.java:59) ~[selenium-remote-driver-4.32.0.jar:?]
	at org.openqa.selenium.remote.RemoteWebDriver.findElement(RemoteWebDriver.java:368) ~[selenium-remote-driver-4.32.0.jar:?]
	at org.openqa.selenium.remote.RemoteWebDriver.findElement(RemoteWebDriver.java:362) ~[selenium-remote-driver-4.32.0.jar:?]
	at Utils.WaitUtils.lambda$waitForElementToBePresent$0(WaitUtils.java:17) ~[classes/:?]
	at org.openqa.selenium.support.ui.FluentWait.until(FluentWait.java:203) ~[selenium-support-4.32.0.jar:?]
	... 35 more
2025-05-11 08:18:55 ERROR Interactions.Element - Textbox not visible in time: Add the Tag
org.openqa.selenium.TimeoutException: Expected condition failed: waiting for Utils.WaitUtils$$Lambda/0x0000021e2d405fd8@397ef2 (tried for 10 second(s) with 500 milliseconds interval)
	at org.openqa.selenium.support.ui.WebDriverWait.timeoutException(WebDriverWait.java:84) ~[selenium-support-4.32.0.jar:?]
	at org.openqa.selenium.support.ui.FluentWait.until(FluentWait.java:228) ~[selenium-support-4.32.0.jar:?]
	at Utils.WaitUtils.waitForElementToBePresent(WaitUtils.java:17) ~[classes/:?]
	at Utils.WaitUtils.lambda$waitForElementToBeVisible$1(WaitUtils.java:23) ~[classes/:?]
	at org.openqa.selenium.support.ui.FluentWait.until(FluentWait.java:203) ~[selenium-support-4.32.0.jar:?]
	at Utils.WaitUtils.waitForElementToBeVisible(WaitUtils.java:22) ~[classes/:?]
	at Interactions.Textbox.setText(Textbox.java:23) ~[classes/:?]
	at Pages.Task.AddTag(Task.java:87) ~[classes/:?]
	at ExampleTest.invalidTestNonExistentTag(ExampleTest.java:136) ~[test-classes/:?]
	at jdk.internal.reflect.DirectMethodHandleAccessor.invoke(DirectMethodHandleAccessor.java:103) ~[?:?]
	at java.lang.reflect.Method.invoke(Method.java:580) ~[?:?]
	at org.testng.internal.invokers.MethodInvocationHelper.invokeMethod(MethodInvocationHelper.java:141) ~[testng-7.11.0.jar:7.11.0]
	at org.testng.internal.invokers.TestInvoker.invokeMethod(TestInvoker.java:687) ~[testng-7.11.0.jar:7.11.0]
	at org.testng.internal.invokers.TestInvoker.invokeTestMethod(TestInvoker.java:230) ~[testng-7.11.0.jar:7.11.0]
	at org.testng.internal.invokers.MethodRunner.runInSequence(MethodRunner.java:63) ~[testng-7.11.0.jar:7.11.0]
	at org.testng.internal.invokers.TestInvoker$MethodInvocationAgent.invoke(TestInvoker.java:995) ~[testng-7.11.0.jar:7.11.0]
	at org.testng.internal.invokers.TestInvoker.invokeTestMethods(TestInvoker.java:203) ~[testng-7.11.0.jar:7.11.0]
	at org.testng.internal.invokers.TestMethodWorker.invokeTestMethods(TestMethodWorker.java:154) ~[testng-7.11.0.jar:7.11.0]
	at org.testng.internal.invokers.TestMethodWorker.run(TestMethodWorker.java:134) ~[testng-7.11.0.jar:7.11.0]
	at java.util.ArrayList.forEach(ArrayList.java:1597) [?:?]
	at org.testng.TestRunner.privateRun(TestRunner.java:741) [testng-7.11.0.jar:7.11.0]
	at org.testng.TestRunner.run(TestRunner.java:616) [testng-7.11.0.jar:7.11.0]
	at org.testng.SuiteRunner.runTest(SuiteRunner.java:421) [testng-7.11.0.jar:7.11.0]
	at org.testng.SuiteRunner.runSequentially(SuiteRunner.java:413) [testng-7.11.0.jar:7.11.0]
	at org.testng.SuiteRunner.privateRun(SuiteRunner.java:373) [testng-7.11.0.jar:7.11.0]
	at org.testng.SuiteRunner.run(SuiteRunner.java:312) [testng-7.11.0.jar:7.11.0]
	at org.testng.SuiteRunnerWorker.runSuite(SuiteRunnerWorker.java:52) [testng-7.11.0.jar:7.11.0]
	at org.testng.SuiteRunnerWorker.run(SuiteRunnerWorker.java:95) [testng-7.11.0.jar:7.11.0]
	at org.testng.TestNG.runSuitesSequentially(TestNG.java:1274) [testng-7.11.0.jar:7.11.0]
	at org.testng.TestNG.runSuitesLocally(TestNG.java:1208) [testng-7.11.0.jar:7.11.0]
	at org.testng.TestNG.runSuites(TestNG.java:1112) [testng-7.11.0.jar:7.11.0]
	at org.testng.TestNG.run(TestNG.java:1079) [testng-7.11.0.jar:7.11.0]
	at com.intellij.rt.testng.IDEARemoteTestNG.run(IDEARemoteTestNG.java:65) [testng-rt.jar:?]
	at com.intellij.rt.testng.RemoteTestNGStarter.main(RemoteTestNGStarter.java:105) [testng-rt.jar:?]
Caused by: org.openqa.selenium.NoSuchElementException: An element could not be located on the page using the given search parameters.
For documentation on this error, please visit: https://www.selenium.dev/documentation/webdriver/troubleshooting/errors#no-such-element-exception
Build info: version: '4.32.0', revision: 'd17c8aa950'
System info: os.name: 'Windows 10', os.arch: 'amd64', os.version: '10.0', java.version: '23.0.2'
Driver info: io.appium.java_client.android.AndroidDriver
Command: [5271f1f7-678f-43d5-9fe4-1ef30dffb2ac, findElement {using=id, value=com.ticktick.task:id/input_tag_et}]
Capabilities {appium:appWaitForLaunch: true, appium:autoGrantPermissions: true, appium:automationName: UIAutomator2, appium:databaseEnabled: false, appium:desired: {appWaitForLaunch: true, autoGrantPermissions: true, automationName: UIAutomator2, noReset: true, platformName: ANDROID, udid: RFCXA13PB6Z}, appium:deviceApiLevel: 34, appium:deviceManufacturer: samsung, appium:deviceModel: SM-S928B, appium:deviceName: RFCXA13PB6Z, appium:deviceScreenDensity: 560, appium:deviceScreenSize: 1440x3120, appium:deviceUDID: RFCXA13PB6Z, appium:javascriptEnabled: true, appium:locationContextEnabled: false, appium:networkConnectionEnabled: true, appium:noReset: true, appium:pixelRatio: 3.5, appium:platformVersion: 14, appium:statBarHeight: 102, appium:takesScreenshot: true, appium:udid: RFCXA13PB6Z, appium:viewportRect: {height: 3018, left: 0, top: 102, width: 1440}, appium:warnings: {}, appium:webStorageEnabled: false, platformName: ANDROID}
Session ID: 5271f1f7-678f-43d5-9fe4-1ef30dffb2ac
	at jdk.internal.reflect.DirectConstructorHandleAccessor.newInstance(DirectConstructorHandleAccessor.java:62) ~[?:?]
	at java.lang.reflect.Constructor.newInstanceWithCaller(Constructor.java:501) ~[?:?]
	at java.lang.reflect.Constructor.newInstance(Constructor.java:485) ~[?:?]
	at org.openqa.selenium.remote.ErrorCodec.decode(ErrorCodec.java:167) ~[selenium-remote-driver-4.32.0.jar:?]
	at org.openqa.selenium.remote.codec.w3c.W3CHttpResponseCodec.decode(W3CHttpResponseCodec.java:138) ~[selenium-remote-driver-4.32.0.jar:?]
	at org.openqa.selenium.remote.codec.w3c.W3CHttpResponseCodec.decode(W3CHttpResponseCodec.java:50) ~[selenium-remote-driver-4.32.0.jar:?]
	at org.openqa.selenium.remote.HttpCommandExecutor.execute(HttpCommandExecutor.java:215) ~[selenium-remote-driver-4.32.0.jar:?]
	at io.appium.java_client.remote.AppiumCommandExecutor.execute(AppiumCommandExecutor.java:243) ~[java-client-9.4.0.jar:?]
	at org.openqa.selenium.remote.RemoteWebDriver.execute(RemoteWebDriver.java:545) ~[selenium-remote-driver-4.32.0.jar:?]
	at org.openqa.selenium.remote.ElementLocation$ElementFinder$2.findElement(ElementLocation.java:165) ~[selenium-remote-driver-4.32.0.jar:?]
	at org.openqa.selenium.remote.ElementLocation.findElement(ElementLocation.java:59) ~[selenium-remote-driver-4.32.0.jar:?]
	at org.openqa.selenium.remote.RemoteWebDriver.findElement(RemoteWebDriver.java:368) ~[selenium-remote-driver-4.32.0.jar:?]
	at org.openqa.selenium.remote.RemoteWebDriver.findElement(RemoteWebDriver.java:362) ~[selenium-remote-driver-4.32.0.jar:?]
	at Utils.WaitUtils.lambda$waitForElementToBePresent$0(WaitUtils.java:17) ~[classes/:?]
	at org.openqa.selenium.support.ui.FluentWait.until(FluentWait.java:203) ~[selenium-support-4.32.0.jar:?]
	... 32 more
2025-05-11 08:24:03 DEBUG org.testng.TestNG - suiteXmlPath: "C:\Users\yahia\AppData\Local\JetBrains\IdeaIC2025.1\temp-testng-customsuite.xml"
2025-05-11 08:24:03 INFO  org.testng.internal.Utils - [TestNG] Running:
  C:\Users\yahia\AppData\Local\JetBrains\IdeaIC2025.1\temp-testng-customsuite.xml

2025-05-11 08:24:09 INFO  Interactions.Element - Clicked on element: null
2025-05-11 08:24:19 INFO  Interactions.Element - Clicked on element: Edit Name Button
2025-05-11 08:24:21 INFO  Interactions.Element - Set text Kareem's Task ' in element:  Edit task name
2025-05-11 08:24:26 INFO  Interactions.Element - Clicked on element: Change Priority
2025-05-11 08:24:36 ERROR Interactions.Element - Timeout waiting for element to be clickable: Add a tag
org.openqa.selenium.TimeoutException: Expected condition failed: waiting for Utils.WaitUtils$$Lambda/0x0000019523406490@6a638c79 (tried for 10 second(s) with 500 milliseconds interval)
	at org.openqa.selenium.support.ui.WebDriverWait.timeoutException(WebDriverWait.java:84) ~[selenium-support-4.32.0.jar:?]
	at org.openqa.selenium.support.ui.FluentWait.until(FluentWait.java:228) ~[selenium-support-4.32.0.jar:?]
	at Utils.WaitUtils.waitForElementToBePresent(WaitUtils.java:17) ~[classes/:?]
	at Utils.WaitUtils.lambda$waitForElementToBeVisible$1(WaitUtils.java:23) ~[classes/:?]
	at org.openqa.selenium.support.ui.FluentWait.until(FluentWait.java:203) ~[selenium-support-4.32.0.jar:?]
	at Utils.WaitUtils.waitForElementToBeVisible(WaitUtils.java:22) ~[classes/:?]
	at Utils.WaitUtils.lambda$waitForElementToBeClickable$2(WaitUtils.java:31) ~[classes/:?]
	at org.openqa.selenium.support.ui.FluentWait.until(FluentWait.java:203) ~[selenium-support-4.32.0.jar:?]
	at Utils.WaitUtils.waitForElementToBeClickable(WaitUtils.java:30) ~[classes/:?]
	at Interactions.Button.click(Button.java:20) ~[classes/:?]
	at Pages.Task.AddTag(Task.java:93) ~[classes/:?]
	at ExampleTest.invalidTestNonExistentTag(ExampleTest.java:136) ~[test-classes/:?]
	at jdk.internal.reflect.DirectMethodHandleAccessor.invoke(DirectMethodHandleAccessor.java:103) ~[?:?]
	at java.lang.reflect.Method.invoke(Method.java:580) ~[?:?]
	at org.testng.internal.invokers.MethodInvocationHelper.invokeMethod(MethodInvocationHelper.java:141) ~[testng-7.11.0.jar:7.11.0]
	at org.testng.internal.invokers.TestInvoker.invokeMethod(TestInvoker.java:687) ~[testng-7.11.0.jar:7.11.0]
	at org.testng.internal.invokers.TestInvoker.invokeTestMethod(TestInvoker.java:230) ~[testng-7.11.0.jar:7.11.0]
	at org.testng.internal.invokers.MethodRunner.runInSequence(MethodRunner.java:63) ~[testng-7.11.0.jar:7.11.0]
	at org.testng.internal.invokers.TestInvoker$MethodInvocationAgent.invoke(TestInvoker.java:995) ~[testng-7.11.0.jar:7.11.0]
	at org.testng.internal.invokers.TestInvoker.invokeTestMethods(TestInvoker.java:203) ~[testng-7.11.0.jar:7.11.0]
	at org.testng.internal.invokers.TestMethodWorker.invokeTestMethods(TestMethodWorker.java:154) ~[testng-7.11.0.jar:7.11.0]
	at org.testng.internal.invokers.TestMethodWorker.run(TestMethodWorker.java:134) ~[testng-7.11.0.jar:7.11.0]
	at java.util.ArrayList.forEach(ArrayList.java:1597) [?:?]
	at org.testng.TestRunner.privateRun(TestRunner.java:741) [testng-7.11.0.jar:7.11.0]
	at org.testng.TestRunner.run(TestRunner.java:616) [testng-7.11.0.jar:7.11.0]
	at org.testng.SuiteRunner.runTest(SuiteRunner.java:421) [testng-7.11.0.jar:7.11.0]
	at org.testng.SuiteRunner.runSequentially(SuiteRunner.java:413) [testng-7.11.0.jar:7.11.0]
	at org.testng.SuiteRunner.privateRun(SuiteRunner.java:373) [testng-7.11.0.jar:7.11.0]
	at org.testng.SuiteRunner.run(SuiteRunner.java:312) [testng-7.11.0.jar:7.11.0]
	at org.testng.SuiteRunnerWorker.runSuite(SuiteRunnerWorker.java:52) [testng-7.11.0.jar:7.11.0]
	at org.testng.SuiteRunnerWorker.run(SuiteRunnerWorker.java:95) [testng-7.11.0.jar:7.11.0]
	at org.testng.TestNG.runSuitesSequentially(TestNG.java:1274) [testng-7.11.0.jar:7.11.0]
	at org.testng.TestNG.runSuitesLocally(TestNG.java:1208) [testng-7.11.0.jar:7.11.0]
	at org.testng.TestNG.runSuites(TestNG.java:1112) [testng-7.11.0.jar:7.11.0]
	at org.testng.TestNG.run(TestNG.java:1079) [testng-7.11.0.jar:7.11.0]
	at com.intellij.rt.testng.IDEARemoteTestNG.run(IDEARemoteTestNG.java:65) [testng-rt.jar:?]
	at com.intellij.rt.testng.RemoteTestNGStarter.main(RemoteTestNGStarter.java:105) [testng-rt.jar:?]
Caused by: org.openqa.selenium.NoSuchElementException: An element could not be located on the page using the given search parameters.
For documentation on this error, please visit: https://www.selenium.dev/documentation/webdriver/troubleshooting/errors#no-such-element-exception
Build info: version: '4.32.0', revision: 'd17c8aa950'
System info: os.name: 'Windows 10', os.arch: 'amd64', os.version: '10.0', java.version: '23.0.2'
Driver info: io.appium.java_client.android.AndroidDriver
Command: [8bcd15aa-7ae8-4bba-a475-6a1b7e5e9a63, findElement {value=com.ticktick.task:id/input_tag, using=id}]
Capabilities {appium:appWaitForLaunch: true, appium:autoGrantPermissions: true, appium:automationName: UIAutomator2, appium:databaseEnabled: false, appium:desired: {appWaitForLaunch: true, autoGrantPermissions: true, automationName: UIAutomator2, noReset: true, platformName: ANDROID, udid: RFCXA13PB6Z}, appium:deviceApiLevel: 34, appium:deviceManufacturer: samsung, appium:deviceModel: SM-S928B, appium:deviceName: RFCXA13PB6Z, appium:deviceScreenDensity: 560, appium:deviceScreenSize: 1440x3120, appium:deviceUDID: RFCXA13PB6Z, appium:javascriptEnabled: true, appium:locationContextEnabled: false, appium:networkConnectionEnabled: true, appium:noReset: true, appium:pixelRatio: 3.5, appium:platformVersion: 14, appium:statBarHeight: 102, appium:takesScreenshot: true, appium:udid: RFCXA13PB6Z, appium:viewportRect: {height: 3018, left: 0, top: 102, width: 1440}, appium:warnings: {}, appium:webStorageEnabled: false, platformName: ANDROID}
Session ID: 8bcd15aa-7ae8-4bba-a475-6a1b7e5e9a63
	at jdk.internal.reflect.DirectConstructorHandleAccessor.newInstance(DirectConstructorHandleAccessor.java:62) ~[?:?]
	at java.lang.reflect.Constructor.newInstanceWithCaller(Constructor.java:501) ~[?:?]
	at java.lang.reflect.Constructor.newInstance(Constructor.java:485) ~[?:?]
	at org.openqa.selenium.remote.ErrorCodec.decode(ErrorCodec.java:167) ~[selenium-remote-driver-4.32.0.jar:?]
	at org.openqa.selenium.remote.codec.w3c.W3CHttpResponseCodec.decode(W3CHttpResponseCodec.java:138) ~[selenium-remote-driver-4.32.0.jar:?]
	at org.openqa.selenium.remote.codec.w3c.W3CHttpResponseCodec.decode(W3CHttpResponseCodec.java:50) ~[selenium-remote-driver-4.32.0.jar:?]
	at org.openqa.selenium.remote.HttpCommandExecutor.execute(HttpCommandExecutor.java:215) ~[selenium-remote-driver-4.32.0.jar:?]
	at io.appium.java_client.remote.AppiumCommandExecutor.execute(AppiumCommandExecutor.java:243) ~[java-client-9.4.0.jar:?]
	at org.openqa.selenium.remote.RemoteWebDriver.execute(RemoteWebDriver.java:545) ~[selenium-remote-driver-4.32.0.jar:?]
	at org.openqa.selenium.remote.ElementLocation$ElementFinder$2.findElement(ElementLocation.java:165) ~[selenium-remote-driver-4.32.0.jar:?]
	at org.openqa.selenium.remote.ElementLocation.findElement(ElementLocation.java:59) ~[selenium-remote-driver-4.32.0.jar:?]
	at org.openqa.selenium.remote.RemoteWebDriver.findElement(RemoteWebDriver.java:368) ~[selenium-remote-driver-4.32.0.jar:?]
	at org.openqa.selenium.remote.RemoteWebDriver.findElement(RemoteWebDriver.java:362) ~[selenium-remote-driver-4.32.0.jar:?]
	at Utils.WaitUtils.lambda$waitForElementToBePresent$0(WaitUtils.java:17) ~[classes/:?]
	at org.openqa.selenium.support.ui.FluentWait.until(FluentWait.java:203) ~[selenium-support-4.32.0.jar:?]
	... 35 more
2025-05-11 08:24:46 ERROR Interactions.Element - Textbox not visible in time: Add the Tag
org.openqa.selenium.TimeoutException: Expected condition failed: waiting for Utils.WaitUtils$$Lambda/0x0000019523406490@188cbcde (tried for 10 second(s) with 500 milliseconds interval)
	at org.openqa.selenium.support.ui.WebDriverWait.timeoutException(WebDriverWait.java:84) ~[selenium-support-4.32.0.jar:?]
	at org.openqa.selenium.support.ui.FluentWait.until(FluentWait.java:228) ~[selenium-support-4.32.0.jar:?]
	at Utils.WaitUtils.waitForElementToBePresent(WaitUtils.java:17) ~[classes/:?]
	at Utils.WaitUtils.lambda$waitForElementToBeVisible$1(WaitUtils.java:23) ~[classes/:?]
	at org.openqa.selenium.support.ui.FluentWait.until(FluentWait.java:203) ~[selenium-support-4.32.0.jar:?]
	at Utils.WaitUtils.waitForElementToBeVisible(WaitUtils.java:22) ~[classes/:?]
	at Interactions.Textbox.setText(Textbox.java:23) ~[classes/:?]
	at Pages.Task.AddTag(Task.java:94) ~[classes/:?]
	at ExampleTest.invalidTestNonExistentTag(ExampleTest.java:136) ~[test-classes/:?]
	at jdk.internal.reflect.DirectMethodHandleAccessor.invoke(DirectMethodHandleAccessor.java:103) ~[?:?]
	at java.lang.reflect.Method.invoke(Method.java:580) ~[?:?]
	at org.testng.internal.invokers.MethodInvocationHelper.invokeMethod(MethodInvocationHelper.java:141) ~[testng-7.11.0.jar:7.11.0]
	at org.testng.internal.invokers.TestInvoker.invokeMethod(TestInvoker.java:687) ~[testng-7.11.0.jar:7.11.0]
	at org.testng.internal.invokers.TestInvoker.invokeTestMethod(TestInvoker.java:230) ~[testng-7.11.0.jar:7.11.0]
	at org.testng.internal.invokers.MethodRunner.runInSequence(MethodRunner.java:63) ~[testng-7.11.0.jar:7.11.0]
	at org.testng.internal.invokers.TestInvoker$MethodInvocationAgent.invoke(TestInvoker.java:995) ~[testng-7.11.0.jar:7.11.0]
	at org.testng.internal.invokers.TestInvoker.invokeTestMethods(TestInvoker.java:203) ~[testng-7.11.0.jar:7.11.0]
	at org.testng.internal.invokers.TestMethodWorker.invokeTestMethods(TestMethodWorker.java:154) ~[testng-7.11.0.jar:7.11.0]
	at org.testng.internal.invokers.TestMethodWorker.run(TestMethodWorker.java:134) ~[testng-7.11.0.jar:7.11.0]
	at java.util.ArrayList.forEach(ArrayList.java:1597) [?:?]
	at org.testng.TestRunner.privateRun(TestRunner.java:741) [testng-7.11.0.jar:7.11.0]
	at org.testng.TestRunner.run(TestRunner.java:616) [testng-7.11.0.jar:7.11.0]
	at org.testng.SuiteRunner.runTest(SuiteRunner.java:421) [testng-7.11.0.jar:7.11.0]
	at org.testng.SuiteRunner.runSequentially(SuiteRunner.java:413) [testng-7.11.0.jar:7.11.0]
	at org.testng.SuiteRunner.privateRun(SuiteRunner.java:373) [testng-7.11.0.jar:7.11.0]
	at org.testng.SuiteRunner.run(SuiteRunner.java:312) [testng-7.11.0.jar:7.11.0]
	at org.testng.SuiteRunnerWorker.runSuite(SuiteRunnerWorker.java:52) [testng-7.11.0.jar:7.11.0]
	at org.testng.SuiteRunnerWorker.run(SuiteRunnerWorker.java:95) [testng-7.11.0.jar:7.11.0]
	at org.testng.TestNG.runSuitesSequentially(TestNG.java:1274) [testng-7.11.0.jar:7.11.0]
	at org.testng.TestNG.runSuitesLocally(TestNG.java:1208) [testng-7.11.0.jar:7.11.0]
	at org.testng.TestNG.runSuites(TestNG.java:1112) [testng-7.11.0.jar:7.11.0]
	at org.testng.TestNG.run(TestNG.java:1079) [testng-7.11.0.jar:7.11.0]
	at com.intellij.rt.testng.IDEARemoteTestNG.run(IDEARemoteTestNG.java:65) [testng-rt.jar:?]
	at com.intellij.rt.testng.RemoteTestNGStarter.main(RemoteTestNGStarter.java:105) [testng-rt.jar:?]
Caused by: org.openqa.selenium.NoSuchElementException: An element could not be located on the page using the given search parameters.
For documentation on this error, please visit: https://www.selenium.dev/documentation/webdriver/troubleshooting/errors#no-such-element-exception
Build info: version: '4.32.0', revision: 'd17c8aa950'
System info: os.name: 'Windows 10', os.arch: 'amd64', os.version: '10.0', java.version: '23.0.2'
Driver info: io.appium.java_client.android.AndroidDriver
Command: [8bcd15aa-7ae8-4bba-a475-6a1b7e5e9a63, findElement {value=com.ticktick.task:id/input_tag_et, using=id}]
Capabilities {appium:appWaitForLaunch: true, appium:autoGrantPermissions: true, appium:automationName: UIAutomator2, appium:databaseEnabled: false, appium:desired: {appWaitForLaunch: true, autoGrantPermissions: true, automationName: UIAutomator2, noReset: true, platformName: ANDROID, udid: RFCXA13PB6Z}, appium:deviceApiLevel: 34, appium:deviceManufacturer: samsung, appium:deviceModel: SM-S928B, appium:deviceName: RFCXA13PB6Z, appium:deviceScreenDensity: 560, appium:deviceScreenSize: 1440x3120, appium:deviceUDID: RFCXA13PB6Z, appium:javascriptEnabled: true, appium:locationContextEnabled: false, appium:networkConnectionEnabled: true, appium:noReset: true, appium:pixelRatio: 3.5, appium:platformVersion: 14, appium:statBarHeight: 102, appium:takesScreenshot: true, appium:udid: RFCXA13PB6Z, appium:viewportRect: {height: 3018, left: 0, top: 102, width: 1440}, appium:warnings: {}, appium:webStorageEnabled: false, platformName: ANDROID}
Session ID: 8bcd15aa-7ae8-4bba-a475-6a1b7e5e9a63
	at jdk.internal.reflect.DirectConstructorHandleAccessor.newInstance(DirectConstructorHandleAccessor.java:62) ~[?:?]
	at java.lang.reflect.Constructor.newInstanceWithCaller(Constructor.java:501) ~[?:?]
	at java.lang.reflect.Constructor.newInstance(Constructor.java:485) ~[?:?]
	at org.openqa.selenium.remote.ErrorCodec.decode(ErrorCodec.java:167) ~[selenium-remote-driver-4.32.0.jar:?]
	at org.openqa.selenium.remote.codec.w3c.W3CHttpResponseCodec.decode(W3CHttpResponseCodec.java:138) ~[selenium-remote-driver-4.32.0.jar:?]
	at org.openqa.selenium.remote.codec.w3c.W3CHttpResponseCodec.decode(W3CHttpResponseCodec.java:50) ~[selenium-remote-driver-4.32.0.jar:?]
	at org.openqa.selenium.remote.HttpCommandExecutor.execute(HttpCommandExecutor.java:215) ~[selenium-remote-driver-4.32.0.jar:?]
	at io.appium.java_client.remote.AppiumCommandExecutor.execute(AppiumCommandExecutor.java:243) ~[java-client-9.4.0.jar:?]
	at org.openqa.selenium.remote.RemoteWebDriver.execute(RemoteWebDriver.java:545) ~[selenium-remote-driver-4.32.0.jar:?]
	at org.openqa.selenium.remote.ElementLocation$ElementFinder$2.findElement(ElementLocation.java:165) ~[selenium-remote-driver-4.32.0.jar:?]
	at org.openqa.selenium.remote.ElementLocation.findElement(ElementLocation.java:59) ~[selenium-remote-driver-4.32.0.jar:?]
	at org.openqa.selenium.remote.RemoteWebDriver.findElement(RemoteWebDriver.java:368) ~[selenium-remote-driver-4.32.0.jar:?]
	at org.openqa.selenium.remote.RemoteWebDriver.findElement(RemoteWebDriver.java:362) ~[selenium-remote-driver-4.32.0.jar:?]
	at Utils.WaitUtils.lambda$waitForElementToBePresent$0(WaitUtils.java:17) ~[classes/:?]
	at org.openqa.selenium.support.ui.FluentWait.until(FluentWait.java:203) ~[selenium-support-4.32.0.jar:?]
	... 32 more
2025-05-11 08:26:01 DEBUG org.testng.TestNG - suiteXmlPath: "C:\Users\yahia\AppData\Local\JetBrains\IdeaIC2025.1\temp-testng-customsuite.xml"
2025-05-11 08:26:01 INFO  org.testng.internal.Utils - [TestNG] Running:
  C:\Users\yahia\AppData\Local\JetBrains\IdeaIC2025.1\temp-testng-customsuite.xml

2025-05-11 08:26:12 INFO  Interactions.Element - Clicked on element: null
2025-05-11 08:26:22 INFO  Interactions.Element - Clicked on element: Edit Name Button
2025-05-11 08:26:24 INFO  Interactions.Element - Set text Kareem's Task ' in element:  Edit task name
2025-05-11 08:26:29 INFO  Interactions.Element - Clicked on element: Change Priority
2025-05-11 08:26:32 INFO  Interactions.Element - Clicked on element: Add a tag
2025-05-11 08:26:33 INFO  Interactions.Element - Set text Testing123 ' in element:  Add the Tag
2025-05-11 08:26:39 INFO  Interactions.Element - Clicked on element: null
2025-05-11 08:26:41 INFO  Interactions.Element - Clicked on element: null
2025-05-11 08:26:44 INFO  Interactions.Element - Set text This is a test description ' in element:  Description TexBox
2025-05-11 08:26:49 INFO  Interactions.Element - Clicked on element: null
2025-05-11 08:26:52 INFO  Interactions.Element - Set text Test Task ' in element:  Task Name
2025-05-11 08:26:54 INFO  Interactions.Element - Set text This is a test task ' in element:  Task Description
2025-05-11 08:26:55 INFO  Interactions.Element - Clicked on element: null
